
--- Attempt 1 ---
STDOUT:
Preparing: C:\Users\matth\AppData\Local\Temp\a8eeebdbfb76cd7608\vs_bootstrapper_d15\HelpFile\2052\help.html...

Preparing: C:\Users\matth\AppData\Local\Temp\a8eeebdbfb76cd7608\vs_bootstrapper_d15\HelpFile\1028\help.html...

Preparing: C:\Users\matth\AppData\Local\Temp\a8eeebdbfb76cd7608\vs_bootstrapper_d15\HelpFile\1029\help.html...

Preparing: C:\Users\matth\AppData\Local\Temp\a8eeebdbfb76cd7608\vs_bootstrapper_d15\HelpFile\1033\help.html...

Preparing: C:\Users\matth\AppData\Local\Temp\a8eeebdbfb76cd7608\vs_bootstrapper_d15\HelpFile\1046\help.html...

Preparing: C:\Users\matth\AppData\Local\Temp\a8eeebdbfb76cd7608\vs_bootstrapper_d15\HelpFile\1055\help.html...

Preparing: C:\Users\matth\AppData\Local\Temp\a8eeebdbfb76cd7608\vs_bootstrapper_d15\HelpFile\1045\help.html...

Preparing: C:\Users\matth\AppData\Local\Temp\a8eeebdbfb76cd7608\vs_bootstrapper_d15\HelpFile\1042\help.html...

Preparing: C:\Users\matth\AppData\Local\Temp\a8eeebdbfb76cd7608\vs_bootstrapper_d15\HelpFile\1040\help.html...

Preparing: C:\Users\matth\AppData\Local\Temp\a8eeebdbfb76cd7608\vs_bootstrapper_d15\HelpFile\3082\help.html...

Preparing: C:\Users\matth\AppData\Local\Temp\a8eeebdbfb76cd7608\vs_bootstrapper_d15\HelpFile\1031\help.html...

Preparing: C:\Users\matth\AppData\Local\Temp\a8eeebdbfb76cd7608\vs_bootstrapper_d15\HelpFile\1036\help.html...

Preparing: C:\Users\matth\AppData\Local\Temp\a8eeebdbfb76cd7608\vs_bootstrapper_d15\HelpFile\1041\help.html...

Preparing: C:\Users\matth\AppData\Local\Temp\a8eeebdbfb76cd7608\vs_bootstrapper_d15\HelpFile\1049\help.html...

Preparing: C:\Users\matth\AppData\Local\Temp\a8eeebdbfb76cd7608\vs_bootstrapper_d15\vs_setup_bootstrapper.exe...

Preparing: C:\Users\matth\AppData\Local\Temp\a8eeebdbfb76cd7608\vs_bootstrapper_d15\Microsoft.C2RSignatureReader.Interop.dll...

Preparing: C:\Users\matth\AppData\Local\Temp\a8eeebdbfb76cd7608\vs_bootstrapper_d15\Microsoft.C2RSignatureReader.Native.dll...

Preparing: C:\Users\matth\AppData\Local\Temp\a8eeebdbfb76cd7608\vs_bootstrapper_d15\Microsoft.Identity.Client.Broker.dll...

Preparing: C:\Users\matth\AppData\Local\Temp\a8eeebdbfb76cd7608\vs_bootstrapper_d15\Microsoft.Identity.Client.dll...

Preparing: C:\Users\matth\AppData\Local\Temp\a8eeebdbfb76cd7608\vs_bootstrapper_d15\Microsoft.Identity.Client.Extensions.Msal.dll...

Preparing: C:\Users\matth\AppData\Local\Temp\a8eeebdbfb76cd7608\vs_bootstrapper_d15\Microsoft.Identity.Client.NativeInterop.dll...

Preparing: C:\Users\matth\AppData\Local\Temp\a8eeebdbfb76cd7608\vs_bootstrapper_d15\Microsoft.IdentityModel.Abstractions.dll...

Preparing: C:\Users\matth\AppData\Local\Temp\a8eeebdbfb76cd7608\vs_bootstrapper_d15\Microsoft.VisualStudio.RemoteControl.dll...

Preparing: C:\Users\matth\AppData\Local\Temp\a8eeebdbfb76cd7608\vs_bootstrapper_d15\Microsoft.VisualStudio.Setup.Common.dll...

Preparing: C:\Users\matth\AppData\Local\Temp\a8eeebdbfb76cd7608\vs_bootstrapper_d15\Microsoft.VisualStudio.Setup.dll...

Preparing: C:\Users\matth\AppData\Local\Temp\a8eeebdbfb76cd7608\vs_bootstrapper_d15\Microsoft.VisualStudio.Setup.Download.dll...

Preparing: C:\Users\matth\AppData\Local\Temp\a8eeebdbfb76cd7608\vs_bootstrapper_d15\Microsoft.VisualStudio.Telemetry.dll...

Preparing: C:\Users\matth\AppData\Local\Temp\a8eeebdbfb76cd7608\vs_bootstrapper_d15\Microsoft.VisualStudio.Utilities.Internal.dll...

Preparing: C:\Users\matth\AppData\Local\Temp\a8eeebdbfb76cd7608\vs_bootstrapper_d15\runtimes\win-x64\native\msalruntime.dll...

Preparing: C:\Users\matth\AppData\Local\Temp\a8eeebdbfb76cd7608\vs_bootstrapper_d15\runtimes\win-arm64\native\msalruntime_arm64.dll...

Preparing: C:\Users\matth\AppData\Local\Temp\a8eeebdbfb76cd7608\vs_bootstrapper_d15\runtimes\win-x86\native\msalruntime_x86.dll...

Preparing: C:\Users\matth\AppData\Local\Temp\a8eeebdbfb76cd7608\vs_bootstrapper_d15\Newtonsoft.Json.dll...

Preparing: C:\Users\matth\AppData\Local\Temp\a8eeebdbfb76cd7608\vs_bootstrapper_d15\System.Memory.dll...

Preparing: C:\Users\matth\AppData\Local\Temp\a8eeebdbfb76cd7608\vs_bootstrapper_d15\System.Runtime.CompilerServices.Unsafe.dll...

Preparing: C:\Users\matth\AppData\Local\Temp\a8eeebdbfb76cd7608\vs_bootstrapper_d15\VSInstallerElevationService.Contracts.dll...

Preparing: C:\Users\matth\AppData\Local\Temp\a8eeebdbfb76cd7608\vs_bootstrapper_d15\zh-Hant\vs_setup_bootstrapper.resources.dll...

Preparing: C:\Users\matth\AppData\Local\Temp\a8eeebdbfb76cd7608\vs_bootstrapper_d15\zh-Hans\vs_setup_bootstrapper.resources.dll...

Preparing: C:\Users\matth\AppData\Local\Temp\a8eeebdbfb76cd7608\vs_bootstrapper_d15\pt-BR\vs_setup_bootstrapper.resources.dll...

Preparing: C:\Users\matth\AppData\Local\Temp\a8eeebdbfb76cd7608\vs_bootstrapper_d15\es\vs_setup_bootstrapper.resources.dll...

Preparing: C:\Users\matth\AppData\Local\Temp\a8eeebdbfb76cd7608\vs_bootstrapper_d15\ko\vs_setup_bootstrapper.resources.dll...

Preparing: C:\Users\matth\AppData\Local\Temp\a8eeebdbfb76cd7608\vs_bootstrapper_d15\de\vs_setup_bootstrapper.resources.dll...

Preparing: C:\Users\matth\AppData\Local\Temp\a8eeebdbfb76cd7608\vs_bootstrapper_d15\it\vs_setup_bootstrapper.resources.dll...

Preparing: C:\Users\matth\AppData\Local\Temp\a8eeebdbfb76cd7608\vs_bootstrapper_d15\cs\vs_setup_bootstrapper.resources.dll...

Preparing: C:\Users\matth\AppData\Local\Temp\a8eeebdbfb76cd7608\vs_bootstrapper_d15\fr\vs_setup_bootstrapper.resources.dll...

Preparing: C:\Users\matth\AppData\Local\Temp\a8eeebdbfb76cd7608\vs_bootstrapper_d15\tr\vs_setup_bootstrapper.resources.dll...

Preparing: C:\Users\matth\AppData\Local\Temp\a8eeebdbfb76cd7608\vs_bootstrapper_d15\ru\vs_setup_bootstrapper.resources.dll...

Preparing: C:\Users\matth\AppData\Local\Temp\a8eeebdbfb76cd7608\vs_bootstrapper_d15\pl\vs_setup_bootstrapper.resources.dll...

Preparing: C:\Users\matth\AppData\Local\Temp\a8eeebdbfb76cd7608\vs_bootstrapper_d15\ja\vs_setup_bootstrapper.resources.dll...

Preparing: C:\Users\matth\AppData\Local\Temp\a8eeebdbfb76cd7608\vs_bootstrapper_d15\vs_setup_bootstrapper.config...

Preparing: C:\Users\matth\AppData\Local\Temp\a8eeebdbfb76cd7608\vs_bootstrapper_d15\vs_setup_bootstrapper.exe.config...

Preparing: C:\Users\matth\AppData\Local\Temp\a8eeebdbfb76cd7608\vs_bootstrapper_d15\detection.json...

Preparing: C:\Users\matth\AppData\Local\Temp\a8eeebdbfb76cd7608\vs_bootstrapper_d15\vs_setup_bootstrapper.json...


STDERR:


--- Attempt 2 ---
STDOUT:
Preparing: C:\Users\matth\AppData\Local\Temp\04eab3602a36235e58e538119f\vs_bootstrapper_d15\HelpFile\2052\help.html...

Preparing: C:\Users\matth\AppData\Local\Temp\04eab3602a36235e58e538119f\vs_bootstrapper_d15\HelpFile\1028\help.html...

Preparing: C:\Users\matth\AppData\Local\Temp\04eab3602a36235e58e538119f\vs_bootstrapper_d15\HelpFile\1029\help.html...

Preparing: C:\Users\matth\AppData\Local\Temp\04eab3602a36235e58e538119f\vs_bootstrapper_d15\HelpFile\1033\help.html...

Preparing: C:\Users\matth\AppData\Local\Temp\04eab3602a36235e58e538119f\vs_bootstrapper_d15\HelpFile\1046\help.html...

Preparing: C:\Users\matth\AppData\Local\Temp\04eab3602a36235e58e538119f\vs_bootstrapper_d15\HelpFile\1055\help.html...

Preparing: C:\Users\matth\AppData\Local\Temp\04eab3602a36235e58e538119f\vs_bootstrapper_d15\HelpFile\1045\help.html...

Preparing: C:\Users\matth\AppData\Local\Temp\04eab3602a36235e58e538119f\vs_bootstrapper_d15\HelpFile\1042\help.html...

Preparing: C:\Users\matth\AppData\Local\Temp\04eab3602a36235e58e538119f\vs_bootstrapper_d15\HelpFile\1040\help.html...

Preparing: C:\Users\matth\AppData\Local\Temp\04eab3602a36235e58e538119f\vs_bootstrapper_d15\HelpFile\3082\help.html...

Preparing: C:\Users\matth\AppData\Local\Temp\04eab3602a36235e58e538119f\vs_bootstrapper_d15\HelpFile\1031\help.html...

Preparing: C:\Users\matth\AppData\Local\Temp\04eab3602a36235e58e538119f\vs_bootstrapper_d15\HelpFile\1036\help.html...

Preparing: C:\Users\matth\AppData\Local\Temp\04eab3602a36235e58e538119f\vs_bootstrapper_d15\HelpFile\1041\help.html...

Preparing: C:\Users\matth\AppData\Local\Temp\04eab3602a36235e58e538119f\vs_bootstrapper_d15\HelpFile\1049\help.html...

Preparing: C:\Users\matth\AppData\Local\Temp\04eab3602a36235e58e538119f\vs_bootstrapper_d15\vs_setup_bootstrapper.exe...

Preparing: C:\Users\matth\AppData\Local\Temp\04eab3602a36235e58e538119f\vs_bootstrapper_d15\Microsoft.C2RSignatureReader.Interop.dll...

Preparing: C:\Users\matth\AppData\Local\Temp\04eab3602a36235e58e538119f\vs_bootstrapper_d15\Microsoft.C2RSignatureReader.Native.dll...

Preparing: C:\Users\matth\AppData\Local\Temp\04eab3602a36235e58e538119f\vs_bootstrapper_d15\Microsoft.Identity.Client.Broker.dll...

Preparing: C:\Users\matth\AppData\Local\Temp\04eab3602a36235e58e538119f\vs_bootstrapper_d15\Microsoft.Identity.Client.dll...

Preparing: C:\Users\matth\AppData\Local\Temp\04eab3602a36235e58e538119f\vs_bootstrapper_d15\Microsoft.Identity.Client.Extensions.Msal.dll...

Preparing: C:\Users\matth\AppData\Local\Temp\04eab3602a36235e58e538119f\vs_bootstrapper_d15\Microsoft.Identity.Client.NativeInterop.dll...

Preparing: C:\Users\matth\AppData\Local\Temp\04eab3602a36235e58e538119f\vs_bootstrapper_d15\Microsoft.IdentityModel.Abstractions.dll...

Preparing: C:\Users\matth\AppData\Local\Temp\04eab3602a36235e58e538119f\vs_bootstrapper_d15\Microsoft.VisualStudio.RemoteControl.dll...

Preparing: C:\Users\matth\AppData\Local\Temp\04eab3602a36235e58e538119f\vs_bootstrapper_d15\Microsoft.VisualStudio.Setup.Common.dll...

Preparing: C:\Users\matth\AppData\Local\Temp\04eab3602a36235e58e538119f\vs_bootstrapper_d15\Microsoft.VisualStudio.Setup.dll...

Preparing: C:\Users\matth\AppData\Local\Temp\04eab3602a36235e58e538119f\vs_bootstrapper_d15\Microsoft.VisualStudio.Setup.Download.dll...

Preparing: C:\Users\matth\AppData\Local\Temp\04eab3602a36235e58e538119f\vs_bootstrapper_d15\Microsoft.VisualStudio.Telemetry.dll...

Preparing: C:\Users\matth\AppData\Local\Temp\04eab3602a36235e58e538119f\vs_bootstrapper_d15\Microsoft.VisualStudio.Utilities.Internal.dll...

Preparing: C:\Users\matth\AppData\Local\Temp\04eab3602a36235e58e538119f\vs_bootstrapper_d15\runtimes\win-x64\native\msalruntime.dll...

Preparing: C:\Users\matth\AppData\Local\Temp\04eab3602a36235e58e538119f\vs_bootstrapper_d15\runtimes\win-arm64\native\msalruntime_arm64.dll...

Preparing: C:\Users\matth\AppData\Local\Temp\04eab3602a36235e58e538119f\vs_bootstrapper_d15\runtimes\win-x86\native\msalruntime_x86.dll...

Preparing: C:\Users\matth\AppData\Local\Temp\04eab3602a36235e58e538119f\vs_bootstrapper_d15\Newtonsoft.Json.dll...

Preparing: C:\Users\matth\AppData\Local\Temp\04eab3602a36235e58e538119f\vs_bootstrapper_d15\System.Memory.dll...

Preparing: C:\Users\matth\AppData\Local\Temp\04eab3602a36235e58e538119f\vs_bootstrapper_d15\System.Runtime.CompilerServices.Unsafe.dll...

Preparing: C:\Users\matth\AppData\Local\Temp\04eab3602a36235e58e538119f\vs_bootstrapper_d15\VSInstallerElevationService.Contracts.dll...

Preparing: C:\Users\matth\AppData\Local\Temp\04eab3602a36235e58e538119f\vs_bootstrapper_d15\zh-Hant\vs_setup_bootstrapper.resources.dll...

Preparing: C:\Users\matth\AppData\Local\Temp\04eab3602a36235e58e538119f\vs_bootstrapper_d15\zh-Hans\vs_setup_bootstrapper.resources.dll...

Preparing: C:\Users\matth\AppData\Local\Temp\04eab3602a36235e58e538119f\vs_bootstrapper_d15\pt-BR\vs_setup_bootstrapper.resources.dll...

Preparing: C:\Users\matth\AppData\Local\Temp\04eab3602a36235e58e538119f\vs_bootstrapper_d15\es\vs_setup_bootstrapper.resources.dll...

Preparing: C:\Users\matth\AppData\Local\Temp\04eab3602a36235e58e538119f\vs_bootstrapper_d15\ko\vs_setup_bootstrapper.resources.dll...

Preparing: C:\Users\matth\AppData\Local\Temp\04eab3602a36235e58e538119f\vs_bootstrapper_d15\de\vs_setup_bootstrapper.resources.dll...

Preparing: C:\Users\matth\AppData\Local\Temp\04eab3602a36235e58e538119f\vs_bootstrapper_d15\it\vs_setup_bootstrapper.resources.dll...

Preparing: C:\Users\matth\AppData\Local\Temp\04eab3602a36235e58e538119f\vs_bootstrapper_d15\cs\vs_setup_bootstrapper.resources.dll...

Preparing: C:\Users\matth\AppData\Local\Temp\04eab3602a36235e58e538119f\vs_bootstrapper_d15\fr\vs_setup_bootstrapper.resources.dll...

Preparing: C:\Users\matth\AppData\Local\Temp\04eab3602a36235e58e538119f\vs_bootstrapper_d15\tr\vs_setup_bootstrapper.resources.dll...

Preparing: C:\Users\matth\AppData\Local\Temp\04eab3602a36235e58e538119f\vs_bootstrapper_d15\ru\vs_setup_bootstrapper.resources.dll...

Preparing: C:\Users\matth\AppData\Local\Temp\04eab3602a36235e58e538119f\vs_bootstrapper_d15\pl\vs_setup_bootstrapper.resources.dll...

Preparing: C:\Users\matth\AppData\Local\Temp\04eab3602a36235e58e538119f\vs_bootstrapper_d15\ja\vs_setup_bootstrapper.resources.dll...

Preparing: C:\Users\matth\AppData\Local\Temp\04eab3602a36235e58e538119f\vs_bootstrapper_d15\vs_setup_bootstrapper.config...

Preparing: C:\Users\matth\AppData\Local\Temp\04eab3602a36235e58e538119f\vs_bootstrapper_d15\vs_setup_bootstrapper.exe.config...

Preparing: C:\Users\matth\AppData\Local\Temp\04eab3602a36235e58e538119f\vs_bootstrapper_d15\detection.json...

Preparing: C:\Users\matth\AppData\Local\Temp\04eab3602a36235e58e538119f\vs_bootstrapper_d15\vs_setup_bootstrapper.json...


STDERR:


--- Attempt 3 ---
STDOUT:
Preparing: C:\Users\matth\AppData\Local\Temp\8e1a5246299f5bf25b5d7601eed5c6\vs_bootstrapper_d15\HelpFile\2052\help.html...

Preparing: C:\Users\matth\AppData\Local\Temp\8e1a5246299f5bf25b5d7601eed5c6\vs_bootstrapper_d15\HelpFile\1028\help.html...

Preparing: C:\Users\matth\AppData\Local\Temp\8e1a5246299f5bf25b5d7601eed5c6\vs_bootstrapper_d15\HelpFile\1029\help.html...

Preparing: C:\Users\matth\AppData\Local\Temp\8e1a5246299f5bf25b5d7601eed5c6\vs_bootstrapper_d15\HelpFile\1033\help.html...

Preparing: C:\Users\matth\AppData\Local\Temp\8e1a5246299f5bf25b5d7601eed5c6\vs_bootstrapper_d15\HelpFile\1046\help.html...

Preparing: C:\Users\matth\AppData\Local\Temp\8e1a5246299f5bf25b5d7601eed5c6\vs_bootstrapper_d15\HelpFile\1055\help.html...

Preparing: C:\Users\matth\AppData\Local\Temp\8e1a5246299f5bf25b5d7601eed5c6\vs_bootstrapper_d15\HelpFile\1045\help.html...

Preparing: C:\Users\matth\AppData\Local\Temp\8e1a5246299f5bf25b5d7601eed5c6\vs_bootstrapper_d15\HelpFile\1042\help.html...

Preparing: C:\Users\matth\AppData\Local\Temp\8e1a5246299f5bf25b5d7601eed5c6\vs_bootstrapper_d15\HelpFile\1040\help.html...

Preparing: C:\Users\matth\AppData\Local\Temp\8e1a5246299f5bf25b5d7601eed5c6\vs_bootstrapper_d15\HelpFile\3082\help.html...

Preparing: C:\Users\matth\AppData\Local\Temp\8e1a5246299f5bf25b5d7601eed5c6\vs_bootstrapper_d15\HelpFile\1031\help.html...

Preparing: C:\Users\matth\AppData\Local\Temp\8e1a5246299f5bf25b5d7601eed5c6\vs_bootstrapper_d15\HelpFile\1036\help.html...

Preparing: C:\Users\matth\AppData\Local\Temp\8e1a5246299f5bf25b5d7601eed5c6\vs_bootstrapper_d15\HelpFile\1041\help.html...

Preparing: C:\Users\matth\AppData\Local\Temp\8e1a5246299f5bf25b5d7601eed5c6\vs_bootstrapper_d15\HelpFile\1049\help.html...

Preparing: C:\Users\matth\AppData\Local\Temp\8e1a5246299f5bf25b5d7601eed5c6\vs_bootstrapper_d15\vs_setup_bootstrapper.exe...

Preparing: C:\Users\matth\AppData\Local\Temp\8e1a5246299f5bf25b5d7601eed5c6\vs_bootstrapper_d15\Microsoft.C2RSignatureReader.Interop.dll...

Preparing: C:\Users\matth\AppData\Local\Temp\8e1a5246299f5bf25b5d7601eed5c6\vs_bootstrapper_d15\Microsoft.C2RSignatureReader.Native.dll...

Preparing: C:\Users\matth\AppData\Local\Temp\8e1a5246299f5bf25b5d7601eed5c6\vs_bootstrapper_d15\Microsoft.Identity.Client.Broker.dll...

Preparing: C:\Users\matth\AppData\Local\Temp\8e1a5246299f5bf25b5d7601eed5c6\vs_bootstrapper_d15\Microsoft.Identity.Client.dll...

Preparing: C:\Users\matth\AppData\Local\Temp\8e1a5246299f5bf25b5d7601eed5c6\vs_bootstrapper_d15\Microsoft.Identity.Client.Extensions.Msal.dll...

Preparing: C:\Users\matth\AppData\Local\Temp\8e1a5246299f5bf25b5d7601eed5c6\vs_bootstrapper_d15\Microsoft.Identity.Client.NativeInterop.dll...

Preparing: C:\Users\matth\AppData\Local\Temp\8e1a5246299f5bf25b5d7601eed5c6\vs_bootstrapper_d15\Microsoft.IdentityModel.Abstractions.dll...

Preparing: C:\Users\matth\AppData\Local\Temp\8e1a5246299f5bf25b5d7601eed5c6\vs_bootstrapper_d15\Microsoft.VisualStudio.RemoteControl.dll...

Preparing: C:\Users\matth\AppData\Local\Temp\8e1a5246299f5bf25b5d7601eed5c6\vs_bootstrapper_d15\Microsoft.VisualStudio.Setup.Common.dll...

Preparing: C:\Users\matth\AppData\Local\Temp\8e1a5246299f5bf25b5d7601eed5c6\vs_bootstrapper_d15\Microsoft.VisualStudio.Setup.dll...

Preparing: C:\Users\matth\AppData\Local\Temp\8e1a5246299f5bf25b5d7601eed5c6\vs_bootstrapper_d15\Microsoft.VisualStudio.Setup.Download.dll...

Preparing: C:\Users\matth\AppData\Local\Temp\8e1a5246299f5bf25b5d7601eed5c6\vs_bootstrapper_d15\Microsoft.VisualStudio.Telemetry.dll...

Preparing: C:\Users\matth\AppData\Local\Temp\8e1a5246299f5bf25b5d7601eed5c6\vs_bootstrapper_d15\Microsoft.VisualStudio.Utilities.Internal.dll...

Preparing: C:\Users\matth\AppData\Local\Temp\8e1a5246299f5bf25b5d7601eed5c6\vs_bootstrapper_d15\runtimes\win-x64\native\msalruntime.dll...

Preparing: C:\Users\matth\AppData\Local\Temp\8e1a5246299f5bf25b5d7601eed5c6\vs_bootstrapper_d15\runtimes\win-arm64\native\msalruntime_arm64.dll...

Preparing: C:\Users\matth\AppData\Local\Temp\8e1a5246299f5bf25b5d7601eed5c6\vs_bootstrapper_d15\runtimes\win-x86\native\msalruntime_x86.dll...

Preparing: C:\Users\matth\AppData\Local\Temp\8e1a5246299f5bf25b5d7601eed5c6\vs_bootstrapper_d15\Newtonsoft.Json.dll...

Preparing: C:\Users\matth\AppData\Local\Temp\8e1a5246299f5bf25b5d7601eed5c6\vs_bootstrapper_d15\System.Memory.dll...

Preparing: C:\Users\matth\AppData\Local\Temp\8e1a5246299f5bf25b5d7601eed5c6\vs_bootstrapper_d15\System.Runtime.CompilerServices.Unsafe.dll...

Preparing: C:\Users\matth\AppData\Local\Temp\8e1a5246299f5bf25b5d7601eed5c6\vs_bootstrapper_d15\VSInstallerElevationService.Contracts.dll...

Preparing: C:\Users\matth\AppData\Local\Temp\8e1a5246299f5bf25b5d7601eed5c6\vs_bootstrapper_d15\zh-Hant\vs_setup_bootstrapper.resources.dll...

Preparing: C:\Users\matth\AppData\Local\Temp\8e1a5246299f5bf25b5d7601eed5c6\vs_bootstrapper_d15\zh-Hans\vs_setup_bootstrapper.resources.dll...

Preparing: C:\Users\matth\AppData\Local\Temp\8e1a5246299f5bf25b5d7601eed5c6\vs_bootstrapper_d15\pt-BR\vs_setup_bootstrapper.resources.dll...

Preparing: C:\Users\matth\AppData\Local\Temp\8e1a5246299f5bf25b5d7601eed5c6\vs_bootstrapper_d15\es\vs_setup_bootstrapper.resources.dll...

Preparing: C:\Users\matth\AppData\Local\Temp\8e1a5246299f5bf25b5d7601eed5c6\vs_bootstrapper_d15\ko\vs_setup_bootstrapper.resources.dll...

Preparing: C:\Users\matth\AppData\Local\Temp\8e1a5246299f5bf25b5d7601eed5c6\vs_bootstrapper_d15\de\vs_setup_bootstrapper.resources.dll...

Preparing: C:\Users\matth\AppData\Local\Temp\8e1a5246299f5bf25b5d7601eed5c6\vs_bootstrapper_d15\it\vs_setup_bootstrapper.resources.dll...

Preparing: C:\Users\matth\AppData\Local\Temp\8e1a5246299f5bf25b5d7601eed5c6\vs_bootstrapper_d15\cs\vs_setup_bootstrapper.resources.dll...

Preparing: C:\Users\matth\AppData\Local\Temp\8e1a5246299f5bf25b5d7601eed5c6\vs_bootstrapper_d15\fr\vs_setup_bootstrapper.resources.dll...

Preparing: C:\Users\matth\AppData\Local\Temp\8e1a5246299f5bf25b5d7601eed5c6\vs_bootstrapper_d15\tr\vs_setup_bootstrapper.resources.dll...

Preparing: C:\Users\matth\AppData\Local\Temp\8e1a5246299f5bf25b5d7601eed5c6\vs_bootstrapper_d15\ru\vs_setup_bootstrapper.resources.dll...

Preparing: C:\Users\matth\AppData\Local\Temp\8e1a5246299f5bf25b5d7601eed5c6\vs_bootstrapper_d15\pl\vs_setup_bootstrapper.resources.dll...

Preparing: C:\Users\matth\AppData\Local\Temp\8e1a5246299f5bf25b5d7601eed5c6\vs_bootstrapper_d15\ja\vs_setup_bootstrapper.resources.dll...

Preparing: C:\Users\matth\AppData\Local\Temp\8e1a5246299f5bf25b5d7601eed5c6\vs_bootstrapper_d15\vs_setup_bootstrapper.config...

Preparing: C:\Users\matth\AppData\Local\Temp\8e1a5246299f5bf25b5d7601eed5c6\vs_bootstrapper_d15\vs_setup_bootstrapper.exe.config...

Preparing: C:\Users\matth\AppData\Local\Temp\8e1a5246299f5bf25b5d7601eed5c6\vs_bootstrapper_d15\detection.json...

Preparing: C:\Users\matth\AppData\Local\Temp\8e1a5246299f5bf25b5d7601eed5c6\vs_bootstrapper_d15\vs_setup_bootstrapper.json...


STDERR:


--- Attempt 1 ---
STDOUT:
Preparing: C:\Users\matth\AppData\Local\Temp\e096f2ead8d9cd6f08\vs_bootstrapper_d15\HelpFile\2052\help.html...

Preparing: C:\Users\matth\AppData\Local\Temp\e096f2ead8d9cd6f08\vs_bootstrapper_d15\HelpFile\1028\help.html...

Preparing: C:\Users\matth\AppData\Local\Temp\e096f2ead8d9cd6f08\vs_bootstrapper_d15\HelpFile\1029\help.html...

Preparing: C:\Users\matth\AppData\Local\Temp\e096f2ead8d9cd6f08\vs_bootstrapper_d15\HelpFile\1033\help.html...

Preparing: C:\Users\matth\AppData\Local\Temp\e096f2ead8d9cd6f08\vs_bootstrapper_d15\HelpFile\1046\help.html...

Preparing: C:\Users\matth\AppData\Local\Temp\e096f2ead8d9cd6f08\vs_bootstrapper_d15\HelpFile\1055\help.html...

Preparing: C:\Users\matth\AppData\Local\Temp\e096f2ead8d9cd6f08\vs_bootstrapper_d15\HelpFile\1045\help.html...

Preparing: C:\Users\matth\AppData\Local\Temp\e096f2ead8d9cd6f08\vs_bootstrapper_d15\HelpFile\1042\help.html...

Preparing: C:\Users\matth\AppData\Local\Temp\e096f2ead8d9cd6f08\vs_bootstrapper_d15\HelpFile\1040\help.html...

Preparing: C:\Users\matth\AppData\Local\Temp\e096f2ead8d9cd6f08\vs_bootstrapper_d15\HelpFile\3082\help.html...

Preparing: C:\Users\matth\AppData\Local\Temp\e096f2ead8d9cd6f08\vs_bootstrapper_d15\HelpFile\1031\help.html...

Preparing: C:\Users\matth\AppData\Local\Temp\e096f2ead8d9cd6f08\vs_bootstrapper_d15\HelpFile\1036\help.html...

Preparing: C:\Users\matth\AppData\Local\Temp\e096f2ead8d9cd6f08\vs_bootstrapper_d15\HelpFile\1041\help.html...

Preparing: C:\Users\matth\AppData\Local\Temp\e096f2ead8d9cd6f08\vs_bootstrapper_d15\HelpFile\1049\help.html...

Preparing: C:\Users\matth\AppData\Local\Temp\e096f2ead8d9cd6f08\vs_bootstrapper_d15\vs_setup_bootstrapper.exe...

Preparing: C:\Users\matth\AppData\Local\Temp\e096f2ead8d9cd6f08\vs_bootstrapper_d15\Microsoft.C2RSignatureReader.Interop.dll...

Preparing: C:\Users\matth\AppData\Local\Temp\e096f2ead8d9cd6f08\vs_bootstrapper_d15\Microsoft.C2RSignatureReader.Native.dll...

Preparing: C:\Users\matth\AppData\Local\Temp\e096f2ead8d9cd6f08\vs_bootstrapper_d15\Microsoft.Identity.Client.Broker.dll...

Preparing: C:\Users\matth\AppData\Local\Temp\e096f2ead8d9cd6f08\vs_bootstrapper_d15\Microsoft.Identity.Client.dll...

Preparing: C:\Users\matth\AppData\Local\Temp\e096f2ead8d9cd6f08\vs_bootstrapper_d15\Microsoft.Identity.Client.Extensions.Msal.dll...

Preparing: C:\Users\matth\AppData\Local\Temp\e096f2ead8d9cd6f08\vs_bootstrapper_d15\Microsoft.Identity.Client.NativeInterop.dll...

Preparing: C:\Users\matth\AppData\Local\Temp\e096f2ead8d9cd6f08\vs_bootstrapper_d15\Microsoft.IdentityModel.Abstractions.dll...

Preparing: C:\Users\matth\AppData\Local\Temp\e096f2ead8d9cd6f08\vs_bootstrapper_d15\Microsoft.VisualStudio.RemoteControl.dll...

Preparing: C:\Users\matth\AppData\Local\Temp\e096f2ead8d9cd6f08\vs_bootstrapper_d15\Microsoft.VisualStudio.Setup.Common.dll...

Preparing: C:\Users\matth\AppData\Local\Temp\e096f2ead8d9cd6f08\vs_bootstrapper_d15\Microsoft.VisualStudio.Setup.dll...

Preparing: C:\Users\matth\AppData\Local\Temp\e096f2ead8d9cd6f08\vs_bootstrapper_d15\Microsoft.VisualStudio.Setup.Download.dll...

Preparing: C:\Users\matth\AppData\Local\Temp\e096f2ead8d9cd6f08\vs_bootstrapper_d15\Microsoft.VisualStudio.Telemetry.dll...

Preparing: C:\Users\matth\AppData\Local\Temp\e096f2ead8d9cd6f08\vs_bootstrapper_d15\Microsoft.VisualStudio.Utilities.Internal.dll...

Preparing: C:\Users\matth\AppData\Local\Temp\e096f2ead8d9cd6f08\vs_bootstrapper_d15\runtimes\win-x64\native\msalruntime.dll...

Preparing: C:\Users\matth\AppData\Local\Temp\e096f2ead8d9cd6f08\vs_bootstrapper_d15\runtimes\win-arm64\native\msalruntime_arm64.dll...

Preparing: C:\Users\matth\AppData\Local\Temp\e096f2ead8d9cd6f08\vs_bootstrapper_d15\runtimes\win-x86\native\msalruntime_x86.dll...

Preparing: C:\Users\matth\AppData\Local\Temp\e096f2ead8d9cd6f08\vs_bootstrapper_d15\Newtonsoft.Json.dll...

Preparing: C:\Users\matth\AppData\Local\Temp\e096f2ead8d9cd6f08\vs_bootstrapper_d15\System.Memory.dll...

Preparing: C:\Users\matth\AppData\Local\Temp\e096f2ead8d9cd6f08\vs_bootstrapper_d15\System.Runtime.CompilerServices.Unsafe.dll...

Preparing: C:\Users\matth\AppData\Local\Temp\e096f2ead8d9cd6f08\vs_bootstrapper_d15\VSInstallerElevationService.Contracts.dll...

Preparing: C:\Users\matth\AppData\Local\Temp\e096f2ead8d9cd6f08\vs_bootstrapper_d15\zh-Hant\vs_setup_bootstrapper.resources.dll...

Preparing: C:\Users\matth\AppData\Local\Temp\e096f2ead8d9cd6f08\vs_bootstrapper_d15\zh-Hans\vs_setup_bootstrapper.resources.dll...

Preparing: C:\Users\matth\AppData\Local\Temp\e096f2ead8d9cd6f08\vs_bootstrapper_d15\pt-BR\vs_setup_bootstrapper.resources.dll...

Preparing: C:\Users\matth\AppData\Local\Temp\e096f2ead8d9cd6f08\vs_bootstrapper_d15\es\vs_setup_bootstrapper.resources.dll...

Preparing: C:\Users\matth\AppData\Local\Temp\e096f2ead8d9cd6f08\vs_bootstrapper_d15\ko\vs_setup_bootstrapper.resources.dll...

Preparing: C:\Users\matth\AppData\Local\Temp\e096f2ead8d9cd6f08\vs_bootstrapper_d15\de\vs_setup_bootstrapper.resources.dll...

Preparing: C:\Users\matth\AppData\Local\Temp\e096f2ead8d9cd6f08\vs_bootstrapper_d15\it\vs_setup_bootstrapper.resources.dll...

Preparing: C:\Users\matth\AppData\Local\Temp\e096f2ead8d9cd6f08\vs_bootstrapper_d15\cs\vs_setup_bootstrapper.resources.dll...

Preparing: C:\Users\matth\AppData\Local\Temp\e096f2ead8d9cd6f08\vs_bootstrapper_d15\fr\vs_setup_bootstrapper.resources.dll...

Preparing: C:\Users\matth\AppData\Local\Temp\e096f2ead8d9cd6f08\vs_bootstrapper_d15\tr\vs_setup_bootstrapper.resources.dll...

Preparing: C:\Users\matth\AppData\Local\Temp\e096f2ead8d9cd6f08\vs_bootstrapper_d15\ru\vs_setup_bootstrapper.resources.dll...

Preparing: C:\Users\matth\AppData\Local\Temp\e096f2ead8d9cd6f08\vs_bootstrapper_d15\pl\vs_setup_bootstrapper.resources.dll...

Preparing: C:\Users\matth\AppData\Local\Temp\e096f2ead8d9cd6f08\vs_bootstrapper_d15\ja\vs_setup_bootstrapper.resources.dll...

Preparing: C:\Users\matth\AppData\Local\Temp\e096f2ead8d9cd6f08\vs_bootstrapper_d15\vs_setup_bootstrapper.config...

Preparing: C:\Users\matth\AppData\Local\Temp\e096f2ead8d9cd6f08\vs_bootstrapper_d15\vs_setup_bootstrapper.exe.config...

Preparing: C:\Users\matth\AppData\Local\Temp\e096f2ead8d9cd6f08\vs_bootstrapper_d15\detection.json...

Preparing: C:\Users\matth\AppData\Local\Temp\e096f2ead8d9cd6f08\vs_bootstrapper_d15\vs_setup_bootstrapper.json...


STDERR:


--- Attempt 2 ---
STDOUT:
Preparing: C:\Users\matth\AppData\Local\Temp\21663bfad6d941356371\vs_bootstrapper_d15\HelpFile\2052\help.html...

Preparing: C:\Users\matth\AppData\Local\Temp\21663bfad6d941356371\vs_bootstrapper_d15\HelpFile\1028\help.html...

Preparing: C:\Users\matth\AppData\Local\Temp\21663bfad6d941356371\vs_bootstrapper_d15\HelpFile\1029\help.html...

Preparing: C:\Users\matth\AppData\Local\Temp\21663bfad6d941356371\vs_bootstrapper_d15\HelpFile\1033\help.html...

Preparing: C:\Users\matth\AppData\Local\Temp\21663bfad6d941356371\vs_bootstrapper_d15\HelpFile\1046\help.html...

Preparing: C:\Users\matth\AppData\Local\Temp\21663bfad6d941356371\vs_bootstrapper_d15\HelpFile\1055\help.html...

Preparing: C:\Users\matth\AppData\Local\Temp\21663bfad6d941356371\vs_bootstrapper_d15\HelpFile\1045\help.html...

Preparing: C:\Users\matth\AppData\Local\Temp\21663bfad6d941356371\vs_bootstrapper_d15\HelpFile\1042\help.html...

Preparing: C:\Users\matth\AppData\Local\Temp\21663bfad6d941356371\vs_bootstrapper_d15\HelpFile\1040\help.html...

Preparing: C:\Users\matth\AppData\Local\Temp\21663bfad6d941356371\vs_bootstrapper_d15\HelpFile\3082\help.html...

Preparing: C:\Users\matth\AppData\Local\Temp\21663bfad6d941356371\vs_bootstrapper_d15\HelpFile\1031\help.html...

Preparing: C:\Users\matth\AppData\Local\Temp\21663bfad6d941356371\vs_bootstrapper_d15\HelpFile\1036\help.html...

Preparing: C:\Users\matth\AppData\Local\Temp\21663bfad6d941356371\vs_bootstrapper_d15\HelpFile\1041\help.html...

Preparing: C:\Users\matth\AppData\Local\Temp\21663bfad6d941356371\vs_bootstrapper_d15\HelpFile\1049\help.html...

Preparing: C:\Users\matth\AppData\Local\Temp\21663bfad6d941356371\vs_bootstrapper_d15\vs_setup_bootstrapper.exe...

Preparing: C:\Users\matth\AppData\Local\Temp\21663bfad6d941356371\vs_bootstrapper_d15\Microsoft.C2RSignatureReader.Interop.dll...

Preparing: C:\Users\matth\AppData\Local\Temp\21663bfad6d941356371\vs_bootstrapper_d15\Microsoft.C2RSignatureReader.Native.dll...

Preparing: C:\Users\matth\AppData\Local\Temp\21663bfad6d941356371\vs_bootstrapper_d15\Microsoft.Identity.Client.Broker.dll...

Preparing: C:\Users\matth\AppData\Local\Temp\21663bfad6d941356371\vs_bootstrapper_d15\Microsoft.Identity.Client.dll...

Preparing: C:\Users\matth\AppData\Local\Temp\21663bfad6d941356371\vs_bootstrapper_d15\Microsoft.Identity.Client.Extensions.Msal.dll...

Preparing: C:\Users\matth\AppData\Local\Temp\21663bfad6d941356371\vs_bootstrapper_d15\Microsoft.Identity.Client.NativeInterop.dll...

Preparing: C:\Users\matth\AppData\Local\Temp\21663bfad6d941356371\vs_bootstrapper_d15\Microsoft.IdentityModel.Abstractions.dll...

Preparing: C:\Users\matth\AppData\Local\Temp\21663bfad6d941356371\vs_bootstrapper_d15\Microsoft.VisualStudio.RemoteControl.dll...

Preparing: C:\Users\matth\AppData\Local\Temp\21663bfad6d941356371\vs_bootstrapper_d15\Microsoft.VisualStudio.Setup.Common.dll...

Preparing: C:\Users\matth\AppData\Local\Temp\21663bfad6d941356371\vs_bootstrapper_d15\Microsoft.VisualStudio.Setup.dll...

Preparing: C:\Users\matth\AppData\Local\Temp\21663bfad6d941356371\vs_bootstrapper_d15\Microsoft.VisualStudio.Setup.Download.dll...

Preparing: C:\Users\matth\AppData\Local\Temp\21663bfad6d941356371\vs_bootstrapper_d15\Microsoft.VisualStudio.Telemetry.dll...

Preparing: C:\Users\matth\AppData\Local\Temp\21663bfad6d941356371\vs_bootstrapper_d15\Microsoft.VisualStudio.Utilities.Internal.dll...

Preparing: C:\Users\matth\AppData\Local\Temp\21663bfad6d941356371\vs_bootstrapper_d15\runtimes\win-x64\native\msalruntime.dll...

Preparing: C:\Users\matth\AppData\Local\Temp\21663bfad6d941356371\vs_bootstrapper_d15\runtimes\win-arm64\native\msalruntime_arm64.dll...

Preparing: C:\Users\matth\AppData\Local\Temp\21663bfad6d941356371\vs_bootstrapper_d15\runtimes\win-x86\native\msalruntime_x86.dll...

Preparing: C:\Users\matth\AppData\Local\Temp\21663bfad6d941356371\vs_bootstrapper_d15\Newtonsoft.Json.dll...

Preparing: C:\Users\matth\AppData\Local\Temp\21663bfad6d941356371\vs_bootstrapper_d15\System.Memory.dll...

Preparing: C:\Users\matth\AppData\Local\Temp\21663bfad6d941356371\vs_bootstrapper_d15\System.Runtime.CompilerServices.Unsafe.dll...

Preparing: C:\Users\matth\AppData\Local\Temp\21663bfad6d941356371\vs_bootstrapper_d15\VSInstallerElevationService.Contracts.dll...

Preparing: C:\Users\matth\AppData\Local\Temp\21663bfad6d941356371\vs_bootstrapper_d15\zh-Hant\vs_setup_bootstrapper.resources.dll...

Preparing: C:\Users\matth\AppData\Local\Temp\21663bfad6d941356371\vs_bootstrapper_d15\zh-Hans\vs_setup_bootstrapper.resources.dll...

Preparing: C:\Users\matth\AppData\Local\Temp\21663bfad6d941356371\vs_bootstrapper_d15\pt-BR\vs_setup_bootstrapper.resources.dll...

Preparing: C:\Users\matth\AppData\Local\Temp\21663bfad6d941356371\vs_bootstrapper_d15\es\vs_setup_bootstrapper.resources.dll...

Preparing: C:\Users\matth\AppData\Local\Temp\21663bfad6d941356371\vs_bootstrapper_d15\ko\vs_setup_bootstrapper.resources.dll...

Preparing: C:\Users\matth\AppData\Local\Temp\21663bfad6d941356371\vs_bootstrapper_d15\de\vs_setup_bootstrapper.resources.dll...

Preparing: C:\Users\matth\AppData\Local\Temp\21663bfad6d941356371\vs_bootstrapper_d15\it\vs_setup_bootstrapper.resources.dll...

Preparing: C:\Users\matth\AppData\Local\Temp\21663bfad6d941356371\vs_bootstrapper_d15\cs\vs_setup_bootstrapper.resources.dll...

Preparing: C:\Users\matth\AppData\Local\Temp\21663bfad6d941356371\vs_bootstrapper_d15\fr\vs_setup_bootstrapper.resources.dll...

Preparing: C:\Users\matth\AppData\Local\Temp\21663bfad6d941356371\vs_bootstrapper_d15\tr\vs_setup_bootstrapper.resources.dll...

Preparing: C:\Users\matth\AppData\Local\Temp\21663bfad6d941356371\vs_bootstrapper_d15\ru\vs_setup_bootstrapper.resources.dll...

Preparing: C:\Users\matth\AppData\Local\Temp\21663bfad6d941356371\vs_bootstrapper_d15\pl\vs_setup_bootstrapper.resources.dll...

Preparing: C:\Users\matth\AppData\Local\Temp\21663bfad6d941356371\vs_bootstrapper_d15\ja\vs_setup_bootstrapper.resources.dll...

Preparing: C:\Users\matth\AppData\Local\Temp\21663bfad6d941356371\vs_bootstrapper_d15\vs_setup_bootstrapper.config...

Preparing: C:\Users\matth\AppData\Local\Temp\21663bfad6d941356371\vs_bootstrapper_d15\vs_setup_bootstrapper.exe.config...

Preparing: C:\Users\matth\AppData\Local\Temp\21663bfad6d941356371\vs_bootstrapper_d15\detection.json...

Preparing: C:\Users\matth\AppData\Local\Temp\21663bfad6d941356371\vs_bootstrapper_d15\vs_setup_bootstrapper.json...


STDERR:


--- Attempt 3 ---
STDOUT:
Preparing: C:\Users\matth\AppData\Local\Temp\88359eb30c3d4b544d\vs_bootstrapper_d15\HelpFile\2052\help.html...

Preparing: C:\Users\matth\AppData\Local\Temp\88359eb30c3d4b544d\vs_bootstrapper_d15\HelpFile\1028\help.html...

Preparing: C:\Users\matth\AppData\Local\Temp\88359eb30c3d4b544d\vs_bootstrapper_d15\HelpFile\1029\help.html...

Preparing: C:\Users\matth\AppData\Local\Temp\88359eb30c3d4b544d\vs_bootstrapper_d15\HelpFile\1033\help.html...

Preparing: C:\Users\matth\AppData\Local\Temp\88359eb30c3d4b544d\vs_bootstrapper_d15\HelpFile\1046\help.html...

Preparing: C:\Users\matth\AppData\Local\Temp\88359eb30c3d4b544d\vs_bootstrapper_d15\HelpFile\1055\help.html...

Preparing: C:\Users\matth\AppData\Local\Temp\88359eb30c3d4b544d\vs_bootstrapper_d15\HelpFile\1045\help.html...

Preparing: C:\Users\matth\AppData\Local\Temp\88359eb30c3d4b544d\vs_bootstrapper_d15\HelpFile\1042\help.html...

Preparing: C:\Users\matth\AppData\Local\Temp\88359eb30c3d4b544d\vs_bootstrapper_d15\HelpFile\1040\help.html...

Preparing: C:\Users\matth\AppData\Local\Temp\88359eb30c3d4b544d\vs_bootstrapper_d15\HelpFile\3082\help.html...

Preparing: C:\Users\matth\AppData\Local\Temp\88359eb30c3d4b544d\vs_bootstrapper_d15\HelpFile\1031\help.html...

Preparing: C:\Users\matth\AppData\Local\Temp\88359eb30c3d4b544d\vs_bootstrapper_d15\HelpFile\1036\help.html...

Preparing: C:\Users\matth\AppData\Local\Temp\88359eb30c3d4b544d\vs_bootstrapper_d15\HelpFile\1041\help.html...

Preparing: C:\Users\matth\AppData\Local\Temp\88359eb30c3d4b544d\vs_bootstrapper_d15\HelpFile\1049\help.html...

Preparing: C:\Users\matth\AppData\Local\Temp\88359eb30c3d4b544d\vs_bootstrapper_d15\vs_setup_bootstrapper.exe...

Preparing: C:\Users\matth\AppData\Local\Temp\88359eb30c3d4b544d\vs_bootstrapper_d15\Microsoft.C2RSignatureReader.Interop.dll...

Preparing: C:\Users\matth\AppData\Local\Temp\88359eb30c3d4b544d\vs_bootstrapper_d15\Microsoft.C2RSignatureReader.Native.dll...

Preparing: C:\Users\matth\AppData\Local\Temp\88359eb30c3d4b544d\vs_bootstrapper_d15\Microsoft.Identity.Client.Broker.dll...

Preparing: C:\Users\matth\AppData\Local\Temp\88359eb30c3d4b544d\vs_bootstrapper_d15\Microsoft.Identity.Client.dll...

Preparing: C:\Users\matth\AppData\Local\Temp\88359eb30c3d4b544d\vs_bootstrapper_d15\Microsoft.Identity.Client.Extensions.Msal.dll...

Preparing: C:\Users\matth\AppData\Local\Temp\88359eb30c3d4b544d\vs_bootstrapper_d15\Microsoft.Identity.Client.NativeInterop.dll...

Preparing: C:\Users\matth\AppData\Local\Temp\88359eb30c3d4b544d\vs_bootstrapper_d15\Microsoft.IdentityModel.Abstractions.dll...

Preparing: C:\Users\matth\AppData\Local\Temp\88359eb30c3d4b544d\vs_bootstrapper_d15\Microsoft.VisualStudio.RemoteControl.dll...

Preparing: C:\Users\matth\AppData\Local\Temp\88359eb30c3d4b544d\vs_bootstrapper_d15\Microsoft.VisualStudio.Setup.Common.dll...

Preparing: C:\Users\matth\AppData\Local\Temp\88359eb30c3d4b544d\vs_bootstrapper_d15\Microsoft.VisualStudio.Setup.dll...

Preparing: C:\Users\matth\AppData\Local\Temp\88359eb30c3d4b544d\vs_bootstrapper_d15\Microsoft.VisualStudio.Setup.Download.dll...

Preparing: C:\Users\matth\AppData\Local\Temp\88359eb30c3d4b544d\vs_bootstrapper_d15\Microsoft.VisualStudio.Telemetry.dll...

Preparing: C:\Users\matth\AppData\Local\Temp\88359eb30c3d4b544d\vs_bootstrapper_d15\Microsoft.VisualStudio.Utilities.Internal.dll...

Preparing: C:\Users\matth\AppData\Local\Temp\88359eb30c3d4b544d\vs_bootstrapper_d15\runtimes\win-x64\native\msalruntime.dll...

Preparing: C:\Users\matth\AppData\Local\Temp\88359eb30c3d4b544d\vs_bootstrapper_d15\runtimes\win-arm64\native\msalruntime_arm64.dll...

Preparing: C:\Users\matth\AppData\Local\Temp\88359eb30c3d4b544d\vs_bootstrapper_d15\runtimes\win-x86\native\msalruntime_x86.dll...

Preparing: C:\Users\matth\AppData\Local\Temp\88359eb30c3d4b544d\vs_bootstrapper_d15\Newtonsoft.Json.dll...

Preparing: C:\Users\matth\AppData\Local\Temp\88359eb30c3d4b544d\vs_bootstrapper_d15\System.Memory.dll...

Preparing: C:\Users\matth\AppData\Local\Temp\88359eb30c3d4b544d\vs_bootstrapper_d15\System.Runtime.CompilerServices.Unsafe.dll...

Preparing: C:\Users\matth\AppData\Local\Temp\88359eb30c3d4b544d\vs_bootstrapper_d15\VSInstallerElevationService.Contracts.dll...

Preparing: C:\Users\matth\AppData\Local\Temp\88359eb30c3d4b544d\vs_bootstrapper_d15\zh-Hant\vs_setup_bootstrapper.resources.dll...

Preparing: C:\Users\matth\AppData\Local\Temp\88359eb30c3d4b544d\vs_bootstrapper_d15\zh-Hans\vs_setup_bootstrapper.resources.dll...

Preparing: C:\Users\matth\AppData\Local\Temp\88359eb30c3d4b544d\vs_bootstrapper_d15\pt-BR\vs_setup_bootstrapper.resources.dll...

Preparing: C:\Users\matth\AppData\Local\Temp\88359eb30c3d4b544d\vs_bootstrapper_d15\es\vs_setup_bootstrapper.resources.dll...

Preparing: C:\Users\matth\AppData\Local\Temp\88359eb30c3d4b544d\vs_bootstrapper_d15\ko\vs_setup_bootstrapper.resources.dll...

Preparing: C:\Users\matth\AppData\Local\Temp\88359eb30c3d4b544d\vs_bootstrapper_d15\de\vs_setup_bootstrapper.resources.dll...

Preparing: C:\Users\matth\AppData\Local\Temp\88359eb30c3d4b544d\vs_bootstrapper_d15\it\vs_setup_bootstrapper.resources.dll...

Preparing: C:\Users\matth\AppData\Local\Temp\88359eb30c3d4b544d\vs_bootstrapper_d15\cs\vs_setup_bootstrapper.resources.dll...

Preparing: C:\Users\matth\AppData\Local\Temp\88359eb30c3d4b544d\vs_bootstrapper_d15\fr\vs_setup_bootstrapper.resources.dll...

Preparing: C:\Users\matth\AppData\Local\Temp\88359eb30c3d4b544d\vs_bootstrapper_d15\tr\vs_setup_bootstrapper.resources.dll...

Preparing: C:\Users\matth\AppData\Local\Temp\88359eb30c3d4b544d\vs_bootstrapper_d15\ru\vs_setup_bootstrapper.resources.dll...

Preparing: C:\Users\matth\AppData\Local\Temp\88359eb30c3d4b544d\vs_bootstrapper_d15\pl\vs_setup_bootstrapper.resources.dll...

Preparing: C:\Users\matth\AppData\Local\Temp\88359eb30c3d4b544d\vs_bootstrapper_d15\ja\vs_setup_bootstrapper.resources.dll...

Preparing: C:\Users\matth\AppData\Local\Temp\88359eb30c3d4b544d\vs_bootstrapper_d15\vs_setup_bootstrapper.config...

Preparing: C:\Users\matth\AppData\Local\Temp\88359eb30c3d4b544d\vs_bootstrapper_d15\vs_setup_bootstrapper.exe.config...

Preparing: C:\Users\matth\AppData\Local\Temp\88359eb30c3d4b544d\vs_bootstrapper_d15\detection.json...

Preparing: C:\Users\matth\AppData\Local\Temp\88359eb30c3d4b544d\vs_bootstrapper_d15\vs_setup_bootstrapper.json...


STDERR:


--- Visual Studio Build Tools Install ---
STDOUT:
Preparing: C:\Users\matth\AppData\Local\Temp\c654c951ebc880a0af3b3f4ed51d8e\vs_bootstrapper_d15\HelpFile\2052\help.html...

Preparing: C:\Users\matth\AppData\Local\Temp\c654c951ebc880a0af3b3f4ed51d8e\vs_bootstrapper_d15\HelpFile\1028\help.html...

Preparing: C:\Users\matth\AppData\Local\Temp\c654c951ebc880a0af3b3f4ed51d8e\vs_bootstrapper_d15\HelpFile\1029\help.html...

Preparing: C:\Users\matth\AppData\Local\Temp\c654c951ebc880a0af3b3f4ed51d8e\vs_bootstrapper_d15\HelpFile\1033\help.html...

Preparing: C:\Users\matth\AppData\Local\Temp\c654c951ebc880a0af3b3f4ed51d8e\vs_bootstrapper_d15\HelpFile\1046\help.html...

Preparing: C:\Users\matth\AppData\Local\Temp\c654c951ebc880a0af3b3f4ed51d8e\vs_bootstrapper_d15\HelpFile\1055\help.html...

Preparing: C:\Users\matth\AppData\Local\Temp\c654c951ebc880a0af3b3f4ed51d8e\vs_bootstrapper_d15\HelpFile\1045\help.html...

Preparing: C:\Users\matth\AppData\Local\Temp\c654c951ebc880a0af3b3f4ed51d8e\vs_bootstrapper_d15\HelpFile\1042\help.html...

Preparing: C:\Users\matth\AppData\Local\Temp\c654c951ebc880a0af3b3f4ed51d8e\vs_bootstrapper_d15\HelpFile\1040\help.html...

Preparing: C:\Users\matth\AppData\Local\Temp\c654c951ebc880a0af3b3f4ed51d8e\vs_bootstrapper_d15\HelpFile\3082\help.html...

Preparing: C:\Users\matth\AppData\Local\Temp\c654c951ebc880a0af3b3f4ed51d8e\vs_bootstrapper_d15\HelpFile\1031\help.html...

Preparing: C:\Users\matth\AppData\Local\Temp\c654c951ebc880a0af3b3f4ed51d8e\vs_bootstrapper_d15\HelpFile\1036\help.html...

Preparing: C:\Users\matth\AppData\Local\Temp\c654c951ebc880a0af3b3f4ed51d8e\vs_bootstrapper_d15\HelpFile\1041\help.html...

Preparing: C:\Users\matth\AppData\Local\Temp\c654c951ebc880a0af3b3f4ed51d8e\vs_bootstrapper_d15\HelpFile\1049\help.html...

Preparing: C:\Users\matth\AppData\Local\Temp\c654c951ebc880a0af3b3f4ed51d8e\vs_bootstrapper_d15\vs_setup_bootstrapper.exe...

Preparing: C:\Users\matth\AppData\Local\Temp\c654c951ebc880a0af3b3f4ed51d8e\vs_bootstrapper_d15\Microsoft.C2RSignatureReader.Interop.dll...

Preparing: C:\Users\matth\AppData\Local\Temp\c654c951ebc880a0af3b3f4ed51d8e\vs_bootstrapper_d15\Microsoft.C2RSignatureReader.Native.dll...

Preparing: C:\Users\matth\AppData\Local\Temp\c654c951ebc880a0af3b3f4ed51d8e\vs_bootstrapper_d15\Microsoft.Identity.Client.Broker.dll...

Preparing: C:\Users\matth\AppData\Local\Temp\c654c951ebc880a0af3b3f4ed51d8e\vs_bootstrapper_d15\Microsoft.Identity.Client.dll...

Preparing: C:\Users\matth\AppData\Local\Temp\c654c951ebc880a0af3b3f4ed51d8e\vs_bootstrapper_d15\Microsoft.Identity.Client.Extensions.Msal.dll...

Preparing: C:\Users\matth\AppData\Local\Temp\c654c951ebc880a0af3b3f4ed51d8e\vs_bootstrapper_d15\Microsoft.Identity.Client.NativeInterop.dll...

Preparing: C:\Users\matth\AppData\Local\Temp\c654c951ebc880a0af3b3f4ed51d8e\vs_bootstrapper_d15\Microsoft.IdentityModel.Abstractions.dll...

Preparing: C:\Users\matth\AppData\Local\Temp\c654c951ebc880a0af3b3f4ed51d8e\vs_bootstrapper_d15\Microsoft.VisualStudio.RemoteControl.dll...

Preparing: C:\Users\matth\AppData\Local\Temp\c654c951ebc880a0af3b3f4ed51d8e\vs_bootstrapper_d15\Microsoft.VisualStudio.Setup.Common.dll...

Preparing: C:\Users\matth\AppData\Local\Temp\c654c951ebc880a0af3b3f4ed51d8e\vs_bootstrapper_d15\Microsoft.VisualStudio.Setup.dll...

Preparing: C:\Users\matth\AppData\Local\Temp\c654c951ebc880a0af3b3f4ed51d8e\vs_bootstrapper_d15\Microsoft.VisualStudio.Setup.Download.dll...

Preparing: C:\Users\matth\AppData\Local\Temp\c654c951ebc880a0af3b3f4ed51d8e\vs_bootstrapper_d15\Microsoft.VisualStudio.Telemetry.dll...

Preparing: C:\Users\matth\AppData\Local\Temp\c654c951ebc880a0af3b3f4ed51d8e\vs_bootstrapper_d15\Microsoft.VisualStudio.Utilities.Internal.dll...

Preparing: C:\Users\matth\AppData\Local\Temp\c654c951ebc880a0af3b3f4ed51d8e\vs_bootstrapper_d15\runtimes\win-x64\native\msalruntime.dll...

Preparing: C:\Users\matth\AppData\Local\Temp\c654c951ebc880a0af3b3f4ed51d8e\vs_bootstrapper_d15\runtimes\win-arm64\native\msalruntime_arm64.dll...

Preparing: C:\Users\matth\AppData\Local\Temp\c654c951ebc880a0af3b3f4ed51d8e\vs_bootstrapper_d15\runtimes\win-x86\native\msalruntime_x86.dll...

Preparing: C:\Users\matth\AppData\Local\Temp\c654c951ebc880a0af3b3f4ed51d8e\vs_bootstrapper_d15\Newtonsoft.Json.dll...

Preparing: C:\Users\matth\AppData\Local\Temp\c654c951ebc880a0af3b3f4ed51d8e\vs_bootstrapper_d15\System.Memory.dll...

Preparing: C:\Users\matth\AppData\Local\Temp\c654c951ebc880a0af3b3f4ed51d8e\vs_bootstrapper_d15\System.Runtime.CompilerServices.Unsafe.dll...

Preparing: C:\Users\matth\AppData\Local\Temp\c654c951ebc880a0af3b3f4ed51d8e\vs_bootstrapper_d15\VSInstallerElevationService.Contracts.dll...

Preparing: C:\Users\matth\AppData\Local\Temp\c654c951ebc880a0af3b3f4ed51d8e\vs_bootstrapper_d15\zh-Hant\vs_setup_bootstrapper.resources.dll...

Preparing: C:\Users\matth\AppData\Local\Temp\c654c951ebc880a0af3b3f4ed51d8e\vs_bootstrapper_d15\zh-Hans\vs_setup_bootstrapper.resources.dll...

Preparing: C:\Users\matth\AppData\Local\Temp\c654c951ebc880a0af3b3f4ed51d8e\vs_bootstrapper_d15\pt-BR\vs_setup_bootstrapper.resources.dll...

Preparing: C:\Users\matth\AppData\Local\Temp\c654c951ebc880a0af3b3f4ed51d8e\vs_bootstrapper_d15\es\vs_setup_bootstrapper.resources.dll...

Preparing: C:\Users\matth\AppData\Local\Temp\c654c951ebc880a0af3b3f4ed51d8e\vs_bootstrapper_d15\ko\vs_setup_bootstrapper.resources.dll...

Preparing: C:\Users\matth\AppData\Local\Temp\c654c951ebc880a0af3b3f4ed51d8e\vs_bootstrapper_d15\de\vs_setup_bootstrapper.resources.dll...

Preparing: C:\Users\matth\AppData\Local\Temp\c654c951ebc880a0af3b3f4ed51d8e\vs_bootstrapper_d15\it\vs_setup_bootstrapper.resources.dll...

Preparing: C:\Users\matth\AppData\Local\Temp\c654c951ebc880a0af3b3f4ed51d8e\vs_bootstrapper_d15\cs\vs_setup_bootstrapper.resources.dll...

Preparing: C:\Users\matth\AppData\Local\Temp\c654c951ebc880a0af3b3f4ed51d8e\vs_bootstrapper_d15\fr\vs_setup_bootstrapper.resources.dll...

Preparing: C:\Users\matth\AppData\Local\Temp\c654c951ebc880a0af3b3f4ed51d8e\vs_bootstrapper_d15\tr\vs_setup_bootstrapper.resources.dll...

Preparing: C:\Users\matth\AppData\Local\Temp\c654c951ebc880a0af3b3f4ed51d8e\vs_bootstrapper_d15\ru\vs_setup_bootstrapper.resources.dll...

Preparing: C:\Users\matth\AppData\Local\Temp\c654c951ebc880a0af3b3f4ed51d8e\vs_bootstrapper_d15\pl\vs_setup_bootstrapper.resources.dll...

Preparing: C:\Users\matth\AppData\Local\Temp\c654c951ebc880a0af3b3f4ed51d8e\vs_bootstrapper_d15\ja\vs_setup_bootstrapper.resources.dll...

Preparing: C:\Users\matth\AppData\Local\Temp\c654c951ebc880a0af3b3f4ed51d8e\vs_bootstrapper_d15\vs_setup_bootstrapper.config...

Preparing: C:\Users\matth\AppData\Local\Temp\c654c951ebc880a0af3b3f4ed51d8e\vs_bootstrapper_d15\vs_setup_bootstrapper.exe.config...

Preparing: C:\Users\matth\AppData\Local\Temp\c654c951ebc880a0af3b3f4ed51d8e\vs_bootstrapper_d15\detection.json...

Preparing: C:\Users\matth\AppData\Local\Temp\c654c951ebc880a0af3b3f4ed51d8e\vs_bootstrapper_d15\vs_setup_bootstrapper.json...


STDERR:

