2025-07-11 17:24:46,018 - Automoy - MainThread - INFO - Global stop_event_threading initialized in main().
2025-07-11 17:24:46,018 - Automoy - MainThread - INFO - Signal handlers for SIGINT and SIGTERM registered.
2025-07-11 17:24:46,019 - Automoy - MainThread - INFO - Starting GUI and creating webview window...
2025-07-11 17:24:46,019 - Automoy - MainThread - INFO - pywebview is available and will be used for native window
2025-07-11 17:24:46,021 - Automoy - MainThread - INFO - Checking for existing process on GUI port 8001...
2025-07-11 17:24:46,021 - Automoy - MainThread - INFO - Port 8001 is free.
2025-07-11 17:24:46,021 - Automoy - MainThread - INFO - Starting GUI subprocess: C:\Users\imitr\anaconda3\envs\automoy_env\python.exe -u C:\Users\imitr\OneDrive\Documentos\GitHub\Automoy-V2\core\..\gui\gui.py --host 127.0.0.1 --port 8001
2025-07-11 17:24:46,028 - Automoy - MainThread - INFO - GUI subprocess started with PID: 21844
2025-07-11 17:24:46,734 - Automoy - MainThread - INFO - GUI is healthy and responsive.
2025-07-11 17:24:46,735 - Automoy - MainThread - INFO - Attempting to create PyWebview window with title: 'Automoy GUI @ 0.1.0-dev - http://127.0.0.1:8001' and URL: 'http://127.0.0.1:8001'
2025-07-11 17:24:46,735 - Automoy - MainThread - INFO - Creating pywebview window...
2025-07-11 17:24:46,736 - Automoy - MainThread - INFO - Window config: width=1024, height=768, resizable=True, on_top=False
2025-07-11 17:24:46,737 - Automoy - MainThread - INFO - PyWebview window 'Automoy GUI @ 0.1.0-dev - http://127.0.0.1:8001' created successfully. Type: <class 'webview.window.Window'>
2025-07-11 17:24:46,737 - Automoy - MainThread - INFO - Window object: <webview.window.Window object at 0x000001A4A083E090>
2025-07-11 17:24:46,737 - Automoy - MainThread - INFO - PyWebview window 'Automoy GUI @ 0.1.0-dev - http://127.0.0.1:8001' created successfully (using test parameters). Global webview_window_global is set.
2025-07-11 17:24:46,738 - Automoy - MainThread - INFO - main: GUI process started (PID: 21844) and webview_window_global created.
2025-07-11 17:24:46,738 - Automoy - MainThread - INFO - main: Signal handlers registered.
2025-07-11 17:24:46,739 - Automoy - MainThread - INFO - main: Starting asyncio operations in a separate thread...
2025-07-11 17:24:46,741 - Automoy - AsyncOpsThread - INFO - Async operations thread (AsyncOpsThread, ID: 2404) started. Setting event loop.
2025-07-11 17:24:46,741 - Automoy - MainThread - INFO - main: Asyncio operations thread 'AsyncOpsThread' started (ID: 2404).
2025-07-11 17:24:46,741 - Automoy - AsyncOpsThread - INFO - Async operations thread (AsyncOpsThread): About to run main_async_operations() until complete.
2025-07-11 17:24:46,742 - Automoy - AsyncOpsThread - INFO - main_async_operations started.
2025-07-11 17:24:46,742 - Automoy - AsyncOpsThread - INFO - Initializing OmniParser for visual analysis...
2025-07-11 17:24:48,742 - Automoy - MainThread - INFO - main: Proceeding to webview window display...
2025-07-11 17:24:48,742 - Automoy - MainThread - INFO - main: webview_window_global is set. Proceeding to call pywebview.start(). Window title: 'Automoy GUI @ 0.1.0-dev - http://127.0.0.1:8001'
2025-07-11 17:24:48,757 - Automoy - AsyncOpsThread - INFO - OmniParser server is already running
2025-07-11 17:24:48,758 - Automoy - AsyncOpsThread - INFO - OmniParser initialized successfully for visual analysis
2025-07-11 17:24:48,758 - Automoy - AsyncOpsThread - INFO - Initializing GUI state file at startup.
2025-07-11 17:24:48,759 - Automoy - AsyncOpsThread - INFO - main_async_operations: Attempting to initialize AutomoyOperator.
2025-07-11 17:24:48,759 - Automoy - AsyncOpsThread - INFO - Desktop utilities initialized successfully
2025-07-11 17:24:48,760 - Automoy - AsyncOpsThread - INFO - Operator dependencies set - omniparser: True, manage_gui_window_func: True, _update_gui_state_func: True, desktop_utils: True
2025-07-11 17:24:48,760 - Automoy - AsyncOpsThread - INFO - main_async_operations: AutomoyOperator initialized successfully.
2025-07-11 17:24:49,772 - Automoy - AsyncOpsThread - DEBUG - Request to change GUI visibility to: visible
2025-07-11 17:24:49,772 - Automoy - AsyncOpsThread - INFO - Showing PyWebview window via Python API.
2025-07-11 17:25:09,772 - Automoy - AsyncOpsThread - WARNING - Error changing PyWebview window visibility: Main window failed to start
2025-07-11 17:25:09,772 - Automoy - AsyncOpsThread - DEBUG - Webview visibility change failed, but this won't prevent core operations.
2025-07-11 17:25:09,773 - Automoy - AsyncOpsThread - INFO - main_async_operations: Initial GUI visibility set to True (attempted).
2025-07-11 17:25:09,773 - Automoy - AsyncOpsThread - INFO - Initialization complete. Setting GUI state to idle.
2025-07-11 17:25:09,774 - Automoy - AsyncOpsThread - INFO - Entering main polling loop to monitor for goal requests.
2025-07-11 17:25:18,753 - Automoy - MainThread - INFO - main: Window properties - Width: Unknown, Height: Unknown
2025-07-11 17:25:18,753 - Automoy - MainThread - INFO - main: PYWEBVIEW_AVAILABLE = True
2025-07-11 17:25:18,753 - Automoy - MainThread - INFO - main: pywebview module = <module 'webview' from 'C:\\Users\\imitr\\anaconda3\\envs\\automoy_env\\Lib\\site-packages\\webview\\__init__.py'>
2025-07-11 17:25:18,754 - Automoy - MainThread - INFO - main: webview_window_global = <webview.window.Window object at 0x000001A4A083E090>
2025-07-11 17:25:18,754 - Automoy - MainThread - INFO - main: >>>>>>> CALLING pywebview.start() NOW <<<<<<<
2025-07-11 17:25:18,754 - Automoy - MainThread - INFO - main: Starting pywebview with native window...
2025-07-11 17:25:19,567 - Automoy - AsyncOpsThread - DEBUG - Polling loop iteration #20, checking for goals...
2025-07-11 17:25:29,703 - Automoy - AsyncOpsThread - DEBUG - Polling loop iteration #40, checking for goals...
2025-07-11 17:25:39,866 - Automoy - AsyncOpsThread - DEBUG - Polling loop iteration #60, checking for goals...
2025-07-11 17:25:50,246 - Automoy - AsyncOpsThread - DEBUG - Polling loop iteration #80, checking for goals...
2025-07-11 17:26:00,440 - Automoy - AsyncOpsThread - DEBUG - Polling loop iteration #100, checking for goals...
2025-07-11 17:26:10,636 - Automoy - AsyncOpsThread - DEBUG - Polling loop iteration #120, checking for goals...
2025-07-11 17:26:20,776 - Automoy - AsyncOpsThread - DEBUG - Polling loop iteration #140, checking for goals...
2025-07-11 17:26:30,778 - Automoy - AsyncOpsThread - DEBUG - Polling loop iteration #160, checking for goals...
2025-07-11 17:26:40,899 - Automoy - AsyncOpsThread - DEBUG - Polling loop iteration #180, checking for goals...
2025-07-11 17:26:50,982 - Automoy - AsyncOpsThread - DEBUG - Polling loop iteration #200, checking for goals...
2025-07-11 17:27:01,100 - Automoy - AsyncOpsThread - DEBUG - Polling loop iteration #220, checking for goals...
2025-07-11 17:27:11,275 - Automoy - AsyncOpsThread - DEBUG - Polling loop iteration #240, checking for goals...
2025-07-11 17:27:21,480 - Automoy - AsyncOpsThread - DEBUG - Polling loop iteration #260, checking for goals...
2025-07-11 17:27:31,659 - Automoy - AsyncOpsThread - DEBUG - Polling loop iteration #280, checking for goals...
2025-07-11 17:27:41,694 - Automoy - AsyncOpsThread - DEBUG - Polling loop iteration #300, checking for goals...
2025-07-11 17:27:51,952 - Automoy - AsyncOpsThread - DEBUG - Polling loop iteration #320, checking for goals...
2025-07-11 17:28:02,112 - Automoy - AsyncOpsThread - DEBUG - Polling loop iteration #340, checking for goals...
2025-07-11 17:28:12,257 - Automoy - AsyncOpsThread - DEBUG - Polling loop iteration #360, checking for goals...
2025-07-11 17:28:22,419 - Automoy - AsyncOpsThread - DEBUG - Polling loop iteration #380, checking for goals...
2025-07-11 17:28:32,602 - Automoy - AsyncOpsThread - DEBUG - Polling loop iteration #400, checking for goals...
2025-07-11 17:28:42,804 - Automoy - AsyncOpsThread - DEBUG - Polling loop iteration #420, checking for goals...
2025-07-11 17:28:52,943 - Automoy - AsyncOpsThread - DEBUG - Polling loop iteration #440, checking for goals...
2025-07-11 17:29:03,169 - Automoy - AsyncOpsThread - DEBUG - Polling loop iteration #460, checking for goals...
2025-07-11 17:29:13,321 - Automoy - AsyncOpsThread - DEBUG - Polling loop iteration #480, checking for goals...
2025-07-11 17:29:23,431 - Automoy - AsyncOpsThread - DEBUG - Polling loop iteration #500, checking for goals...
2025-07-11 17:29:33,517 - Automoy - AsyncOpsThread - DEBUG - Polling loop iteration #520, checking for goals...
2025-07-11 17:29:43,642 - Automoy - AsyncOpsThread - DEBUG - Polling loop iteration #540, checking for goals...
2025-07-11 17:29:53,808 - Automoy - AsyncOpsThread - DEBUG - Polling loop iteration #560, checking for goals...
2025-07-11 17:30:03,904 - Automoy - AsyncOpsThread - DEBUG - Polling loop iteration #580, checking for goals...
2025-07-11 17:30:14,005 - Automoy - AsyncOpsThread - DEBUG - Polling loop iteration #600, checking for goals...
2025-07-11 17:30:24,123 - Automoy - AsyncOpsThread - DEBUG - Polling loop iteration #620, checking for goals...
2025-07-11 17:30:34,273 - Automoy - AsyncOpsThread - DEBUG - Polling loop iteration #640, checking for goals...
2025-07-11 17:30:44,406 - Automoy - AsyncOpsThread - DEBUG - Polling loop iteration #660, checking for goals...
2025-07-11 17:30:54,533 - Automoy - AsyncOpsThread - DEBUG - Polling loop iteration #680, checking for goals...
2025-07-11 17:31:04,612 - Automoy - AsyncOpsThread - DEBUG - Polling loop iteration #700, checking for goals...
2025-07-11 17:31:14,778 - Automoy - AsyncOpsThread - DEBUG - Polling loop iteration #720, checking for goals...
2025-07-11 17:31:24,996 - Automoy - AsyncOpsThread - DEBUG - Polling loop iteration #740, checking for goals...
2025-07-11 17:31:35,141 - Automoy - AsyncOpsThread - DEBUG - Polling loop iteration #760, checking for goals...
2025-07-11 17:31:45,361 - Automoy - AsyncOpsThread - DEBUG - Polling loop iteration #780, checking for goals...
2025-07-11 17:31:55,491 - Automoy - AsyncOpsThread - DEBUG - Polling loop iteration #800, checking for goals...
2025-07-11 17:32:05,704 - Automoy - AsyncOpsThread - DEBUG - Polling loop iteration #820, checking for goals...
2025-07-11 17:32:15,854 - Automoy - AsyncOpsThread - DEBUG - Polling loop iteration #840, checking for goals...
2025-07-11 17:32:26,028 - Automoy - AsyncOpsThread - DEBUG - Polling loop iteration #860, checking for goals...
2025-07-11 17:32:36,181 - Automoy - AsyncOpsThread - DEBUG - Polling loop iteration #880, checking for goals...
2025-07-11 17:32:46,378 - Automoy - AsyncOpsThread - DEBUG - Polling loop iteration #900, checking for goals...
2025-07-11 17:32:56,522 - Automoy - AsyncOpsThread - DEBUG - Polling loop iteration #920, checking for goals...
2025-07-11 17:33:06,656 - Automoy - AsyncOpsThread - DEBUG - Polling loop iteration #940, checking for goals...
2025-07-11 17:33:16,741 - Automoy - AsyncOpsThread - DEBUG - Polling loop iteration #960, checking for goals...
2025-07-11 17:33:26,938 - Automoy - AsyncOpsThread - DEBUG - Polling loop iteration #980, checking for goals...
2025-07-11 17:33:37,063 - Automoy - AsyncOpsThread - DEBUG - Polling loop iteration #1000, checking for goals...
2025-07-11 17:33:47,167 - Automoy - AsyncOpsThread - DEBUG - Polling loop iteration #1020, checking for goals...
2025-07-11 17:33:57,372 - Automoy - AsyncOpsThread - DEBUG - Polling loop iteration #1040, checking for goals...
2025-07-11 17:34:07,520 - Automoy - AsyncOpsThread - DEBUG - Polling loop iteration #1060, checking for goals...
2025-07-11 17:34:17,685 - Automoy - AsyncOpsThread - DEBUG - Polling loop iteration #1080, checking for goals...
2025-07-11 17:34:27,785 - Automoy - AsyncOpsThread - DEBUG - Polling loop iteration #1100, checking for goals...
2025-07-11 17:34:37,874 - Automoy - AsyncOpsThread - DEBUG - Polling loop iteration #1120, checking for goals...
2025-07-11 17:34:48,033 - Automoy - AsyncOpsThread - DEBUG - Polling loop iteration #1140, checking for goals...
2025-07-11 17:34:58,294 - Automoy - AsyncOpsThread - DEBUG - Polling loop iteration #1160, checking for goals...
2025-07-11 17:35:08,451 - Automoy - AsyncOpsThread - DEBUG - Polling loop iteration #1180, checking for goals...
2025-07-11 17:35:18,624 - Automoy - AsyncOpsThread - DEBUG - Polling loop iteration #1200, checking for goals...
2025-07-11 17:35:28,742 - Automoy - AsyncOpsThread - DEBUG - Polling loop iteration #1220, checking for goals...
2025-07-11 17:35:38,834 - Automoy - AsyncOpsThread - DEBUG - Polling loop iteration #1240, checking for goals...
2025-07-11 17:35:48,979 - Automoy - AsyncOpsThread - DEBUG - Polling loop iteration #1260, checking for goals...
2025-07-11 17:35:59,203 - Automoy - AsyncOpsThread - DEBUG - Polling loop iteration #1280, checking for goals...
2025-07-11 17:36:09,295 - Automoy - AsyncOpsThread - DEBUG - Polling loop iteration #1300, checking for goals...
2025-07-11 17:36:19,479 - Automoy - AsyncOpsThread - DEBUG - Polling loop iteration #1320, checking for goals...
2025-07-11 17:36:29,632 - Automoy - AsyncOpsThread - DEBUG - Polling loop iteration #1340, checking for goals...
2025-07-11 17:36:39,776 - Automoy - AsyncOpsThread - DEBUG - Polling loop iteration #1360, checking for goals...
2025-07-11 17:36:49,905 - Automoy - AsyncOpsThread - DEBUG - Polling loop iteration #1380, checking for goals...
2025-07-11 17:37:00,063 - Automoy - AsyncOpsThread - DEBUG - Polling loop iteration #1400, checking for goals...
2025-07-11 17:37:10,246 - Automoy - AsyncOpsThread - DEBUG - Polling loop iteration #1420, checking for goals...
2025-07-11 17:37:20,403 - Automoy - AsyncOpsThread - DEBUG - Polling loop iteration #1440, checking for goals...
2025-07-11 17:37:30,501 - Automoy - AsyncOpsThread - DEBUG - Polling loop iteration #1460, checking for goals...
2025-07-11 17:37:40,625 - Automoy - AsyncOpsThread - DEBUG - Polling loop iteration #1480, checking for goals...
2025-07-11 17:37:50,764 - Automoy - AsyncOpsThread - DEBUG - Polling loop iteration #1500, checking for goals...
2025-07-11 17:38:00,923 - Automoy - AsyncOpsThread - DEBUG - Polling loop iteration #1520, checking for goals...
2025-07-11 17:38:11,074 - Automoy - AsyncOpsThread - DEBUG - Polling loop iteration #1540, checking for goals...
2025-07-11 17:38:21,200 - Automoy - AsyncOpsThread - DEBUG - Polling loop iteration #1560, checking for goals...
2025-07-11 17:38:31,354 - Automoy - AsyncOpsThread - DEBUG - Polling loop iteration #1580, checking for goals...
2025-07-11 17:38:41,502 - Automoy - AsyncOpsThread - DEBUG - Polling loop iteration #1600, checking for goals...
2025-07-11 17:38:51,650 - Automoy - AsyncOpsThread - DEBUG - Polling loop iteration #1620, checking for goals...
2025-07-11 17:39:01,771 - Automoy - AsyncOpsThread - DEBUG - Polling loop iteration #1640, checking for goals...
2025-07-11 17:39:11,882 - Automoy - AsyncOpsThread - DEBUG - Polling loop iteration #1660, checking for goals...
2025-07-11 17:39:22,002 - Automoy - AsyncOpsThread - DEBUG - Polling loop iteration #1680, checking for goals...
2025-07-11 17:39:32,155 - Automoy - AsyncOpsThread - DEBUG - Polling loop iteration #1700, checking for goals...
2025-07-11 17:39:42,328 - Automoy - AsyncOpsThread - DEBUG - Polling loop iteration #1720, checking for goals...
2025-07-11 17:39:52,488 - Automoy - AsyncOpsThread - DEBUG - Polling loop iteration #1740, checking for goals...
2025-07-11 17:40:02,646 - Automoy - AsyncOpsThread - DEBUG - Polling loop iteration #1760, checking for goals...
2025-07-11 17:40:12,826 - Automoy - AsyncOpsThread - DEBUG - Polling loop iteration #1780, checking for goals...
2025-07-11 17:40:22,971 - Automoy - AsyncOpsThread - DEBUG - Polling loop iteration #1800, checking for goals...
2025-07-11 17:40:33,169 - Automoy - AsyncOpsThread - DEBUG - Polling loop iteration #1820, checking for goals...
2025-07-11 17:40:43,350 - Automoy - AsyncOpsThread - DEBUG - Polling loop iteration #1840, checking for goals...
2025-07-11 17:40:53,518 - Automoy - AsyncOpsThread - DEBUG - Polling loop iteration #1860, checking for goals...
2025-07-11 17:41:03,724 - Automoy - AsyncOpsThread - DEBUG - Polling loop iteration #1880, checking for goals...
2025-07-11 17:41:13,904 - Automoy - AsyncOpsThread - DEBUG - Polling loop iteration #1900, checking for goals...
2025-07-11 17:41:23,971 - Automoy - AsyncOpsThread - DEBUG - Polling loop iteration #1920, checking for goals...
2025-07-11 18:26:09,695 - Automoy - AsyncOpsThread - DEBUG - Polling loop iteration #1940, checking for goals...
2025-07-11 18:26:19,892 - Automoy - AsyncOpsThread - DEBUG - Polling loop iteration #1960, checking for goals...
2025-07-11 18:26:29,933 - Automoy - AsyncOpsThread - DEBUG - Polling loop iteration #1980, checking for goals...
2025-07-11 18:26:40,115 - Automoy - AsyncOpsThread - DEBUG - Polling loop iteration #2000, checking for goals...
2025-07-11 18:26:50,278 - Automoy - AsyncOpsThread - DEBUG - Polling loop iteration #2020, checking for goals...
2025-07-11 18:27:00,445 - Automoy - AsyncOpsThread - DEBUG - Polling loop iteration #2040, checking for goals...
2025-07-11 18:27:10,558 - Automoy - AsyncOpsThread - DEBUG - Polling loop iteration #2060, checking for goals...
2025-07-11 18:27:20,653 - Automoy - AsyncOpsThread - DEBUG - Polling loop iteration #2080, checking for goals...
2025-07-11 18:27:30,860 - Automoy - AsyncOpsThread - DEBUG - Polling loop iteration #2100, checking for goals...
2025-07-11 18:27:41,022 - Automoy - AsyncOpsThread - DEBUG - Polling loop iteration #2120, checking for goals...
2025-07-11 18:27:51,315 - Automoy - AsyncOpsThread - DEBUG - Polling loop iteration #2140, checking for goals...
2025-07-11 18:28:01,448 - Automoy - AsyncOpsThread - DEBUG - Polling loop iteration #2160, checking for goals...
2025-07-11 18:28:11,551 - Automoy - AsyncOpsThread - DEBUG - Polling loop iteration #2180, checking for goals...
2025-07-11 18:28:21,700 - Automoy - AsyncOpsThread - DEBUG - Polling loop iteration #2200, checking for goals...
2025-07-11 18:28:31,870 - Automoy - AsyncOpsThread - DEBUG - Polling loop iteration #2220, checking for goals...
2025-07-11 18:28:42,000 - Automoy - AsyncOpsThread - DEBUG - Polling loop iteration #2240, checking for goals...
2025-07-11 18:28:52,154 - Automoy - AsyncOpsThread - DEBUG - Polling loop iteration #2260, checking for goals...
2025-07-11 18:29:02,322 - Automoy - AsyncOpsThread - DEBUG - Polling loop iteration #2280, checking for goals...
2025-07-11 18:29:12,467 - Automoy - AsyncOpsThread - DEBUG - Polling loop iteration #2300, checking for goals...
2025-07-11 18:29:22,604 - Automoy - AsyncOpsThread - DEBUG - Polling loop iteration #2320, checking for goals...
2025-07-11 18:29:32,751 - Automoy - AsyncOpsThread - DEBUG - Polling loop iteration #2340, checking for goals...
2025-07-11 18:29:42,890 - Automoy - AsyncOpsThread - DEBUG - Polling loop iteration #2360, checking for goals...
2025-07-11 18:29:53,077 - Automoy - AsyncOpsThread - DEBUG - Polling loop iteration #2380, checking for goals...
2025-07-11 18:30:03,244 - Automoy - AsyncOpsThread - DEBUG - Polling loop iteration #2400, checking for goals...
2025-07-11 18:30:13,368 - Automoy - AsyncOpsThread - DEBUG - Polling loop iteration #2420, checking for goals...
2025-07-11 18:30:23,500 - Automoy - AsyncOpsThread - DEBUG - Polling loop iteration #2440, checking for goals...
2025-07-11 18:30:33,580 - Automoy - AsyncOpsThread - DEBUG - Polling loop iteration #2460, checking for goals...
2025-07-11 18:30:43,764 - Automoy - AsyncOpsThread - DEBUG - Polling loop iteration #2480, checking for goals...
2025-07-11 18:30:53,998 - Automoy - AsyncOpsThread - DEBUG - Polling loop iteration #2500, checking for goals...
2025-07-11 18:31:04,223 - Automoy - AsyncOpsThread - DEBUG - Polling loop iteration #2520, checking for goals...
2025-07-11 18:31:14,440 - Automoy - AsyncOpsThread - DEBUG - Polling loop iteration #2540, checking for goals...
2025-07-11 18:31:24,581 - Automoy - AsyncOpsThread - DEBUG - Polling loop iteration #2560, checking for goals...
2025-07-11 18:31:34,870 - Automoy - AsyncOpsThread - DEBUG - Polling loop iteration #2580, checking for goals...
2025-07-11 18:31:45,006 - Automoy - AsyncOpsThread - DEBUG - Polling loop iteration #2600, checking for goals...
2025-07-11 18:31:55,194 - Automoy - AsyncOpsThread - DEBUG - Polling loop iteration #2620, checking for goals...
2025-07-11 18:32:05,318 - Automoy - AsyncOpsThread - DEBUG - Polling loop iteration #2640, checking for goals...
2025-07-11 18:32:15,452 - Automoy - AsyncOpsThread - DEBUG - Polling loop iteration #2660, checking for goals...
2025-07-11 18:32:25,572 - Automoy - AsyncOpsThread - DEBUG - Polling loop iteration #2680, checking for goals...
2025-07-11 18:32:35,651 - Automoy - AsyncOpsThread - DEBUG - Polling loop iteration #2700, checking for goals...
2025-07-11 18:32:45,774 - Automoy - AsyncOpsThread - DEBUG - Polling loop iteration #2720, checking for goals...
2025-07-11 18:32:55,836 - Automoy - AsyncOpsThread - DEBUG - Polling loop iteration #2740, checking for goals...
2025-07-11 18:33:06,005 - Automoy - AsyncOpsThread - DEBUG - Polling loop iteration #2760, checking for goals...
2025-07-11 18:33:16,143 - Automoy - AsyncOpsThread - DEBUG - Polling loop iteration #2780, checking for goals...
2025-07-11 18:33:26,212 - Automoy - AsyncOpsThread - DEBUG - Polling loop iteration #2800, checking for goals...
2025-07-11 18:33:36,446 - Automoy - AsyncOpsThread - DEBUG - Polling loop iteration #2820, checking for goals...
2025-07-11 18:33:46,572 - Automoy - AsyncOpsThread - DEBUG - Polling loop iteration #2840, checking for goals...
2025-07-11 18:33:56,699 - Automoy - AsyncOpsThread - DEBUG - Polling loop iteration #2860, checking for goals...
2025-07-11 18:34:06,866 - Automoy - AsyncOpsThread - DEBUG - Polling loop iteration #2880, checking for goals...
2025-07-11 18:34:17,051 - Automoy - AsyncOpsThread - DEBUG - Polling loop iteration #2900, checking for goals...
2025-07-11 18:34:27,141 - Automoy - AsyncOpsThread - DEBUG - Polling loop iteration #2920, checking for goals...
2025-07-11 18:34:37,297 - Automoy - AsyncOpsThread - DEBUG - Polling loop iteration #2940, checking for goals...
2025-07-11 18:34:47,437 - Automoy - AsyncOpsThread - DEBUG - Polling loop iteration #2960, checking for goals...
2025-07-11 18:34:57,631 - Automoy - AsyncOpsThread - DEBUG - Polling loop iteration #2980, checking for goals...
2025-07-11 18:35:07,803 - Automoy - AsyncOpsThread - DEBUG - Polling loop iteration #3000, checking for goals...
2025-07-11 18:35:17,958 - Automoy - AsyncOpsThread - DEBUG - Polling loop iteration #3020, checking for goals...
2025-07-11 18:35:28,057 - Automoy - AsyncOpsThread - DEBUG - Polling loop iteration #3040, checking for goals...
2025-07-11 18:35:38,179 - Automoy - AsyncOpsThread - DEBUG - Polling loop iteration #3060, checking for goals...
2025-07-11 18:35:48,371 - Automoy - AsyncOpsThread - DEBUG - Polling loop iteration #3080, checking for goals...
2025-07-11 18:35:58,530 - Automoy - AsyncOpsThread - DEBUG - Polling loop iteration #3100, checking for goals...
2025-07-11 18:36:08,711 - Automoy - AsyncOpsThread - DEBUG - Polling loop iteration #3120, checking for goals...
2025-07-11 18:36:18,942 - Automoy - AsyncOpsThread - DEBUG - Polling loop iteration #3140, checking for goals...
2025-07-11 18:36:29,099 - Automoy - AsyncOpsThread - DEBUG - Polling loop iteration #3160, checking for goals...
2025-07-11 18:36:39,313 - Automoy - AsyncOpsThread - DEBUG - Polling loop iteration #3180, checking for goals...
2025-07-11 18:36:49,533 - Automoy - AsyncOpsThread - DEBUG - Polling loop iteration #3200, checking for goals...
2025-07-11 18:36:59,736 - Automoy - AsyncOpsThread - DEBUG - Polling loop iteration #3220, checking for goals...
2025-07-11 18:37:09,951 - Automoy - AsyncOpsThread - DEBUG - Polling loop iteration #3240, checking for goals...
2025-07-11 18:37:20,078 - Automoy - AsyncOpsThread - DEBUG - Polling loop iteration #3260, checking for goals...
2025-07-11 18:37:30,229 - Automoy - AsyncOpsThread - DEBUG - Polling loop iteration #3280, checking for goals...
2025-07-11 18:37:40,444 - Automoy - AsyncOpsThread - DEBUG - Polling loop iteration #3300, checking for goals...
2025-07-11 18:37:50,597 - Automoy - AsyncOpsThread - DEBUG - Polling loop iteration #3320, checking for goals...
2025-07-11 18:38:00,754 - Automoy - AsyncOpsThread - DEBUG - Polling loop iteration #3340, checking for goals...
2025-07-11 18:38:10,936 - Automoy - AsyncOpsThread - DEBUG - Polling loop iteration #3360, checking for goals...
2025-07-11 18:38:21,072 - Automoy - AsyncOpsThread - DEBUG - Polling loop iteration #3380, checking for goals...
2025-07-11 18:38:31,280 - Automoy - AsyncOpsThread - DEBUG - Polling loop iteration #3400, checking for goals...
2025-07-11 18:38:41,456 - Automoy - AsyncOpsThread - DEBUG - Polling loop iteration #3420, checking for goals...
2025-07-11 18:38:51,529 - Automoy - AsyncOpsThread - DEBUG - Polling loop iteration #3440, checking for goals...
2025-07-11 18:39:01,633 - Automoy - AsyncOpsThread - DEBUG - Polling loop iteration #3460, checking for goals...
2025-07-11 18:39:11,905 - Automoy - AsyncOpsThread - DEBUG - Polling loop iteration #3480, checking for goals...
2025-07-11 18:39:22,025 - Automoy - AsyncOpsThread - DEBUG - Polling loop iteration #3500, checking for goals...
2025-07-11 18:39:32,221 - Automoy - AsyncOpsThread - DEBUG - Polling loop iteration #3520, checking for goals...
2025-07-11 18:39:42,455 - Automoy - AsyncOpsThread - DEBUG - Polling loop iteration #3540, checking for goals...
2025-07-11 18:39:52,665 - Automoy - AsyncOpsThread - DEBUG - Polling loop iteration #3560, checking for goals...
2025-07-11 18:40:02,897 - Automoy - AsyncOpsThread - DEBUG - Polling loop iteration #3580, checking for goals...
2025-07-11 18:40:13,111 - Automoy - AsyncOpsThread - DEBUG - Polling loop iteration #3600, checking for goals...
2025-07-11 18:40:23,206 - Automoy - AsyncOpsThread - DEBUG - Polling loop iteration #3620, checking for goals...
2025-07-11 18:40:33,395 - Automoy - AsyncOpsThread - DEBUG - Polling loop iteration #3640, checking for goals...
2025-07-11 18:40:43,567 - Automoy - AsyncOpsThread - DEBUG - Polling loop iteration #3660, checking for goals...
2025-07-11 18:40:53,764 - Automoy - AsyncOpsThread - DEBUG - Polling loop iteration #3680, checking for goals...
2025-07-11 18:41:03,953 - Automoy - AsyncOpsThread - DEBUG - Polling loop iteration #3700, checking for goals...
2025-07-11 18:41:14,127 - Automoy - AsyncOpsThread - DEBUG - Polling loop iteration #3720, checking for goals...
2025-07-11 18:41:24,290 - Automoy - AsyncOpsThread - DEBUG - Polling loop iteration #3740, checking for goals...
2025-07-11 19:26:42,645 - Automoy - AsyncOpsThread - DEBUG - Polling loop iteration #3760, checking for goals...
2025-07-11 19:26:52,867 - Automoy - AsyncOpsThread - DEBUG - Polling loop iteration #3780, checking for goals...
2025-07-11 19:27:02,957 - Automoy - AsyncOpsThread - DEBUG - Polling loop iteration #3800, checking for goals...
2025-07-11 19:27:13,192 - Automoy - AsyncOpsThread - DEBUG - Polling loop iteration #3820, checking for goals...
2025-07-11 19:27:23,377 - Automoy - AsyncOpsThread - DEBUG - Polling loop iteration #3840, checking for goals...
2025-07-11 19:27:33,543 - Automoy - AsyncOpsThread - DEBUG - Polling loop iteration #3860, checking for goals...
2025-07-11 19:27:43,694 - Automoy - AsyncOpsThread - DEBUG - Polling loop iteration #3880, checking for goals...
2025-07-11 19:27:53,876 - Automoy - AsyncOpsThread - DEBUG - Polling loop iteration #3900, checking for goals...
2025-07-11 19:28:04,012 - Automoy - AsyncOpsThread - DEBUG - Polling loop iteration #3920, checking for goals...
2025-07-11 19:28:14,223 - Automoy - AsyncOpsThread - DEBUG - Polling loop iteration #3940, checking for goals...
2025-07-11 19:28:24,481 - Automoy - AsyncOpsThread - DEBUG - Polling loop iteration #3960, checking for goals...
2025-07-11 19:28:34,659 - Automoy - AsyncOpsThread - DEBUG - Polling loop iteration #3980, checking for goals...
2025-07-11 19:28:44,868 - Automoy - AsyncOpsThread - DEBUG - Polling loop iteration #4000, checking for goals...
2025-07-11 19:28:54,980 - Automoy - AsyncOpsThread - DEBUG - Polling loop iteration #4020, checking for goals...
2025-07-11 19:29:05,127 - Automoy - AsyncOpsThread - DEBUG - Polling loop iteration #4040, checking for goals...
2025-07-11 19:29:15,271 - Automoy - AsyncOpsThread - DEBUG - Polling loop iteration #4060, checking for goals...
2025-07-11 19:29:25,492 - Automoy - AsyncOpsThread - DEBUG - Polling loop iteration #4080, checking for goals...
2025-07-11 19:29:35,652 - Automoy - AsyncOpsThread - DEBUG - Polling loop iteration #4100, checking for goals...
2025-07-11 19:29:45,893 - Automoy - AsyncOpsThread - DEBUG - Polling loop iteration #4120, checking for goals...
2025-07-11 19:29:56,015 - Automoy - AsyncOpsThread - DEBUG - Polling loop iteration #4140, checking for goals...
2025-07-11 19:30:06,230 - Automoy - AsyncOpsThread - DEBUG - Polling loop iteration #4160, checking for goals...
2025-07-11 19:30:16,384 - Automoy - AsyncOpsThread - DEBUG - Polling loop iteration #4180, checking for goals...
2025-07-11 19:30:26,533 - Automoy - AsyncOpsThread - DEBUG - Polling loop iteration #4200, checking for goals...
2025-07-11 19:30:36,688 - Automoy - AsyncOpsThread - DEBUG - Polling loop iteration #4220, checking for goals...
2025-07-11 19:30:46,870 - Automoy - AsyncOpsThread - DEBUG - Polling loop iteration #4240, checking for goals...
2025-07-11 19:30:57,033 - Automoy - AsyncOpsThread - DEBUG - Polling loop iteration #4260, checking for goals...
2025-07-11 19:31:07,174 - Automoy - AsyncOpsThread - DEBUG - Polling loop iteration #4280, checking for goals...
2025-07-11 19:31:17,370 - Automoy - AsyncOpsThread - DEBUG - Polling loop iteration #4300, checking for goals...
2025-07-11 19:31:27,499 - Automoy - AsyncOpsThread - DEBUG - Polling loop iteration #4320, checking for goals...
2025-07-11 19:31:37,622 - Automoy - AsyncOpsThread - DEBUG - Polling loop iteration #4340, checking for goals...
2025-07-11 19:31:47,683 - Automoy - AsyncOpsThread - DEBUG - Polling loop iteration #4360, checking for goals...
2025-07-11 19:31:57,803 - Automoy - AsyncOpsThread - DEBUG - Polling loop iteration #4380, checking for goals...
2025-07-11 19:32:07,956 - Automoy - AsyncOpsThread - DEBUG - Polling loop iteration #4400, checking for goals...
2025-07-11 19:32:18,104 - Automoy - AsyncOpsThread - DEBUG - Polling loop iteration #4420, checking for goals...
2025-07-11 19:32:28,256 - Automoy - AsyncOpsThread - DEBUG - Polling loop iteration #4440, checking for goals...
2025-07-11 19:32:38,349 - Automoy - AsyncOpsThread - DEBUG - Polling loop iteration #4460, checking for goals...
2025-07-11 19:32:48,441 - Automoy - AsyncOpsThread - DEBUG - Polling loop iteration #4480, checking for goals...
2025-07-11 19:32:58,555 - Automoy - AsyncOpsThread - DEBUG - Polling loop iteration #4500, checking for goals...
2025-07-11 19:33:08,740 - Automoy - AsyncOpsThread - DEBUG - Polling loop iteration #4520, checking for goals...
2025-07-11 19:33:18,886 - Automoy - AsyncOpsThread - DEBUG - Polling loop iteration #4540, checking for goals...
2025-07-11 19:33:29,010 - Automoy - AsyncOpsThread - DEBUG - Polling loop iteration #4560, checking for goals...
2025-07-11 19:33:39,223 - Automoy - AsyncOpsThread - DEBUG - Polling loop iteration #4580, checking for goals...
2025-07-11 19:33:49,363 - Automoy - AsyncOpsThread - DEBUG - Polling loop iteration #4600, checking for goals...
2025-07-11 19:33:59,505 - Automoy - AsyncOpsThread - DEBUG - Polling loop iteration #4620, checking for goals...
2025-07-11 19:34:09,648 - Automoy - AsyncOpsThread - DEBUG - Polling loop iteration #4640, checking for goals...
2025-07-11 19:34:19,778 - Automoy - AsyncOpsThread - DEBUG - Polling loop iteration #4660, checking for goals...
2025-07-11 19:34:29,932 - Automoy - AsyncOpsThread - DEBUG - Polling loop iteration #4680, checking for goals...
2025-07-11 19:34:40,068 - Automoy - AsyncOpsThread - DEBUG - Polling loop iteration #4700, checking for goals...
2025-07-11 19:34:50,299 - Automoy - AsyncOpsThread - DEBUG - Polling loop iteration #4720, checking for goals...
2025-07-11 19:35:00,442 - Automoy - AsyncOpsThread - DEBUG - Polling loop iteration #4740, checking for goals...
2025-07-11 19:35:10,631 - Automoy - AsyncOpsThread - DEBUG - Polling loop iteration #4760, checking for goals...
2025-07-11 19:35:20,840 - Automoy - AsyncOpsThread - DEBUG - Polling loop iteration #4780, checking for goals...
2025-07-11 19:35:31,000 - Automoy - AsyncOpsThread - DEBUG - Polling loop iteration #4800, checking for goals...
2025-07-11 19:35:41,077 - Automoy - AsyncOpsThread - DEBUG - Polling loop iteration #4820, checking for goals...
2025-07-11 19:35:51,238 - Automoy - AsyncOpsThread - DEBUG - Polling loop iteration #4840, checking for goals...
2025-07-11 19:36:01,427 - Automoy - AsyncOpsThread - DEBUG - Polling loop iteration #4860, checking for goals...
2025-07-11 19:36:11,659 - Automoy - AsyncOpsThread - DEBUG - Polling loop iteration #4880, checking for goals...
2025-07-11 19:36:21,799 - Automoy - AsyncOpsThread - DEBUG - Polling loop iteration #4900, checking for goals...
2025-07-11 19:36:31,936 - Automoy - AsyncOpsThread - DEBUG - Polling loop iteration #4920, checking for goals...
2025-07-11 19:36:42,110 - Automoy - AsyncOpsThread - DEBUG - Polling loop iteration #4940, checking for goals...
2025-07-11 19:36:52,301 - Automoy - AsyncOpsThread - DEBUG - Polling loop iteration #4960, checking for goals...
2025-07-11 19:37:02,429 - Automoy - AsyncOpsThread - DEBUG - Polling loop iteration #4980, checking for goals...
2025-07-11 19:37:12,605 - Automoy - AsyncOpsThread - DEBUG - Polling loop iteration #5000, checking for goals...
2025-07-11 19:37:22,802 - Automoy - AsyncOpsThread - DEBUG - Polling loop iteration #5020, checking for goals...
2025-07-11 19:37:33,004 - Automoy - AsyncOpsThread - DEBUG - Polling loop iteration #5040, checking for goals...
2025-07-11 19:37:43,132 - Automoy - AsyncOpsThread - DEBUG - Polling loop iteration #5060, checking for goals...
2025-07-11 19:37:53,303 - Automoy - AsyncOpsThread - DEBUG - Polling loop iteration #5080, checking for goals...
2025-07-11 19:38:03,496 - Automoy - AsyncOpsThread - DEBUG - Polling loop iteration #5100, checking for goals...
2025-07-11 19:38:13,571 - Automoy - AsyncOpsThread - DEBUG - Polling loop iteration #5120, checking for goals...
2025-07-11 19:38:23,811 - Automoy - AsyncOpsThread - DEBUG - Polling loop iteration #5140, checking for goals...
2025-07-11 19:38:33,958 - Automoy - AsyncOpsThread - DEBUG - Polling loop iteration #5160, checking for goals...
2025-07-11 19:38:44,119 - Automoy - AsyncOpsThread - DEBUG - Polling loop iteration #5180, checking for goals...
2025-07-11 19:38:54,252 - Automoy - AsyncOpsThread - DEBUG - Polling loop iteration #5200, checking for goals...
2025-07-11 19:39:04,351 - Automoy - AsyncOpsThread - DEBUG - Polling loop iteration #5220, checking for goals...
2025-07-11 19:39:14,509 - Automoy - AsyncOpsThread - DEBUG - Polling loop iteration #5240, checking for goals...
2025-07-11 19:39:24,621 - Automoy - AsyncOpsThread - DEBUG - Polling loop iteration #5260, checking for goals...
2025-07-11 19:39:34,782 - Automoy - AsyncOpsThread - DEBUG - Polling loop iteration #5280, checking for goals...
2025-07-11 19:39:44,918 - Automoy - AsyncOpsThread - DEBUG - Polling loop iteration #5300, checking for goals...
2025-07-11 19:39:55,114 - Automoy - AsyncOpsThread - DEBUG - Polling loop iteration #5320, checking for goals...
2025-07-11 19:40:05,162 - Automoy - AsyncOpsThread - DEBUG - Polling loop iteration #5340, checking for goals...
2025-07-11 19:40:15,313 - Automoy - AsyncOpsThread - DEBUG - Polling loop iteration #5360, checking for goals...
2025-07-11 19:40:25,430 - Automoy - AsyncOpsThread - DEBUG - Polling loop iteration #5380, checking for goals...
2025-07-11 19:40:35,613 - Automoy - AsyncOpsThread - DEBUG - Polling loop iteration #5400, checking for goals...
2025-07-11 19:40:45,781 - Automoy - AsyncOpsThread - DEBUG - Polling loop iteration #5420, checking for goals...
2025-07-11 19:40:55,851 - Automoy - AsyncOpsThread - DEBUG - Polling loop iteration #5440, checking for goals...
2025-07-11 19:41:05,943 - Automoy - AsyncOpsThread - DEBUG - Polling loop iteration #5460, checking for goals...
2025-07-11 19:41:16,151 - Automoy - AsyncOpsThread - DEBUG - Polling loop iteration #5480, checking for goals...
2025-07-11 19:41:26,348 - Automoy - AsyncOpsThread - DEBUG - Polling loop iteration #5500, checking for goals...
2025-07-11 19:41:36,653 - Automoy - AsyncOpsThread - DEBUG - Polling loop iteration #5520, checking for goals...
2025-07-11 19:41:46,851 - Automoy - AsyncOpsThread - DEBUG - Polling loop iteration #5540, checking for goals...
2025-07-11 19:41:57,050 - Automoy - AsyncOpsThread - DEBUG - Polling loop iteration #5560, checking for goals...
2025-07-11 19:42:07,192 - Automoy - AsyncOpsThread - DEBUG - Polling loop iteration #5580, checking for goals...
2025-07-11 19:42:17,334 - Automoy - AsyncOpsThread - DEBUG - Polling loop iteration #5600, checking for goals...
2025-07-11 19:42:27,538 - Automoy - AsyncOpsThread - DEBUG - Polling loop iteration #5620, checking for goals...
2025-07-11 19:42:37,662 - Automoy - AsyncOpsThread - DEBUG - Polling loop iteration #5640, checking for goals...
2025-07-11 19:42:47,862 - Automoy - AsyncOpsThread - DEBUG - Polling loop iteration #5660, checking for goals...
2025-07-11 19:42:58,044 - Automoy - AsyncOpsThread - DEBUG - Polling loop iteration #5680, checking for goals...
2025-07-11 19:43:08,193 - Automoy - AsyncOpsThread - DEBUG - Polling loop iteration #5700, checking for goals...
2025-07-11 19:43:18,352 - Automoy - AsyncOpsThread - DEBUG - Polling loop iteration #5720, checking for goals...
2025-07-11 19:43:28,515 - Automoy - AsyncOpsThread - DEBUG - Polling loop iteration #5740, checking for goals...
2025-07-11 19:43:38,638 - Automoy - AsyncOpsThread - DEBUG - Polling loop iteration #5760, checking for goals...
2025-07-11 19:43:48,811 - Automoy - AsyncOpsThread - DEBUG - Polling loop iteration #5780, checking for goals...
2025-07-11 19:43:58,983 - Automoy - AsyncOpsThread - DEBUG - Polling loop iteration #5800, checking for goals...
2025-07-11 19:44:09,126 - Automoy - AsyncOpsThread - DEBUG - Polling loop iteration #5820, checking for goals...
2025-07-11 19:44:19,289 - Automoy - AsyncOpsThread - DEBUG - Polling loop iteration #5840, checking for goals...
2025-07-11 19:44:29,491 - Automoy - AsyncOpsThread - DEBUG - Polling loop iteration #5860, checking for goals...
2025-07-11 19:44:39,652 - Automoy - AsyncOpsThread - DEBUG - Polling loop iteration #5880, checking for goals...
2025-07-11 19:44:49,819 - Automoy - AsyncOpsThread - DEBUG - Polling loop iteration #5900, checking for goals...
2025-07-11 19:45:00,026 - Automoy - AsyncOpsThread - DEBUG - Polling loop iteration #5920, checking for goals...
2025-07-11 19:45:10,163 - Automoy - AsyncOpsThread - DEBUG - Polling loop iteration #5940, checking for goals...
2025-07-11 19:45:20,323 - Automoy - AsyncOpsThread - DEBUG - Polling loop iteration #5960, checking for goals...
2025-07-11 19:45:30,493 - Automoy - AsyncOpsThread - DEBUG - Polling loop iteration #5980, checking for goals...
2025-07-11 19:45:40,710 - Automoy - AsyncOpsThread - DEBUG - Polling loop iteration #6000, checking for goals...
2025-07-11 19:45:50,947 - Automoy - AsyncOpsThread - DEBUG - Polling loop iteration #6020, checking for goals...
2025-07-11 19:46:01,129 - Automoy - AsyncOpsThread - DEBUG - Polling loop iteration #6040, checking for goals...
2025-07-11 19:46:11,237 - Automoy - AsyncOpsThread - DEBUG - Polling loop iteration #6060, checking for goals...
2025-07-11 19:46:21,420 - Automoy - AsyncOpsThread - DEBUG - Polling loop iteration #6080, checking for goals...
2025-07-11 19:46:31,656 - Automoy - AsyncOpsThread - DEBUG - Polling loop iteration #6100, checking for goals...
2025-07-11 19:46:41,816 - Automoy - AsyncOpsThread - DEBUG - Polling loop iteration #6120, checking for goals...
2025-07-11 19:46:51,932 - Automoy - AsyncOpsThread - DEBUG - Polling loop iteration #6140, checking for goals...
2025-07-11 19:47:02,111 - Automoy - AsyncOpsThread - DEBUG - Polling loop iteration #6160, checking for goals...
2025-07-11 19:47:12,291 - Automoy - AsyncOpsThread - DEBUG - Polling loop iteration #6180, checking for goals...
2025-07-11 19:47:22,533 - Automoy - AsyncOpsThread - DEBUG - Polling loop iteration #6200, checking for goals...
2025-07-11 19:47:32,665 - Automoy - AsyncOpsThread - DEBUG - Polling loop iteration #6220, checking for goals...
2025-07-11 19:47:42,880 - Automoy - AsyncOpsThread - DEBUG - Polling loop iteration #6240, checking for goals...
2025-07-11 19:47:53,066 - Automoy - AsyncOpsThread - DEBUG - Polling loop iteration #6260, checking for goals...
2025-07-11 19:48:03,214 - Automoy - AsyncOpsThread - DEBUG - Polling loop iteration #6280, checking for goals...
2025-07-11 19:48:13,414 - Automoy - AsyncOpsThread - DEBUG - Polling loop iteration #6300, checking for goals...
2025-07-11 19:48:23,573 - Automoy - AsyncOpsThread - DEBUG - Polling loop iteration #6320, checking for goals...
2025-07-11 19:48:33,825 - Automoy - AsyncOpsThread - DEBUG - Polling loop iteration #6340, checking for goals...
2025-07-11 19:48:43,944 - Automoy - AsyncOpsThread - DEBUG - Polling loop iteration #6360, checking for goals...
2025-07-11 19:48:54,026 - Automoy - AsyncOpsThread - DEBUG - Polling loop iteration #6380, checking for goals...
2025-07-11 19:49:04,204 - Automoy - AsyncOpsThread - DEBUG - Polling loop iteration #6400, checking for goals...
2025-07-11 19:49:14,348 - Automoy - AsyncOpsThread - DEBUG - Polling loop iteration #6420, checking for goals...
2025-07-11 19:49:24,520 - Automoy - AsyncOpsThread - DEBUG - Polling loop iteration #6440, checking for goals...
2025-07-11 19:49:34,653 - Automoy - AsyncOpsThread - DEBUG - Polling loop iteration #6460, checking for goals...
2025-07-11 19:49:44,812 - Automoy - AsyncOpsThread - DEBUG - Polling loop iteration #6480, checking for goals...
2025-07-11 19:49:54,917 - Automoy - AsyncOpsThread - DEBUG - Polling loop iteration #6500, checking for goals...
2025-07-11 19:50:05,069 - Automoy - AsyncOpsThread - DEBUG - Polling loop iteration #6520, checking for goals...
2025-07-11 19:50:15,202 - Automoy - AsyncOpsThread - DEBUG - Polling loop iteration #6540, checking for goals...
2025-07-11 19:50:25,350 - Automoy - AsyncOpsThread - DEBUG - Polling loop iteration #6560, checking for goals...
2025-07-11 19:50:35,516 - Automoy - AsyncOpsThread - DEBUG - Polling loop iteration #6580, checking for goals...
2025-07-11 19:50:45,628 - Automoy - AsyncOpsThread - DEBUG - Polling loop iteration #6600, checking for goals...
2025-07-11 19:50:55,773 - Automoy - AsyncOpsThread - DEBUG - Polling loop iteration #6620, checking for goals...
2025-07-11 19:51:05,925 - Automoy - AsyncOpsThread - DEBUG - Polling loop iteration #6640, checking for goals...
2025-07-11 19:51:16,118 - Automoy - AsyncOpsThread - DEBUG - Polling loop iteration #6660, checking for goals...
2025-07-11 19:51:26,311 - Automoy - AsyncOpsThread - DEBUG - Polling loop iteration #6680, checking for goals...
2025-07-11 19:51:36,478 - Automoy - AsyncOpsThread - DEBUG - Polling loop iteration #6700, checking for goals...
2025-07-11 19:51:46,698 - Automoy - AsyncOpsThread - DEBUG - Polling loop iteration #6720, checking for goals...
2025-07-11 19:51:56,897 - Automoy - AsyncOpsThread - DEBUG - Polling loop iteration #6740, checking for goals...
2025-07-11 19:52:07,051 - Automoy - AsyncOpsThread - DEBUG - Polling loop iteration #6760, checking for goals...
2025-07-11 19:52:17,223 - Automoy - AsyncOpsThread - DEBUG - Polling loop iteration #6780, checking for goals...
2025-07-11 19:52:27,378 - Automoy - AsyncOpsThread - DEBUG - Polling loop iteration #6800, checking for goals...
2025-07-11 19:52:37,547 - Automoy - AsyncOpsThread - DEBUG - Polling loop iteration #6820, checking for goals...
2025-07-11 19:52:47,702 - Automoy - AsyncOpsThread - DEBUG - Polling loop iteration #6840, checking for goals...
2025-07-11 19:52:57,855 - Automoy - AsyncOpsThread - DEBUG - Polling loop iteration #6860, checking for goals...
2025-07-11 19:53:08,186 - Automoy - AsyncOpsThread - DEBUG - Polling loop iteration #6880, checking for goals...
2025-07-11 19:53:18,302 - Automoy - AsyncOpsThread - DEBUG - Polling loop iteration #6900, checking for goals...
2025-07-11 19:53:28,447 - Automoy - AsyncOpsThread - DEBUG - Polling loop iteration #6920, checking for goals...
2025-07-11 19:53:38,589 - Automoy - AsyncOpsThread - DEBUG - Polling loop iteration #6940, checking for goals...
2025-07-11 19:53:48,689 - Automoy - AsyncOpsThread - DEBUG - Polling loop iteration #6960, checking for goals...
2025-07-11 19:53:58,824 - Automoy - AsyncOpsThread - DEBUG - Polling loop iteration #6980, checking for goals...
2025-07-11 19:54:08,926 - Automoy - AsyncOpsThread - DEBUG - Polling loop iteration #7000, checking for goals...
2025-07-11 19:54:19,083 - Automoy - AsyncOpsThread - DEBUG - Polling loop iteration #7020, checking for goals...
2025-07-11 19:54:29,246 - Automoy - AsyncOpsThread - DEBUG - Polling loop iteration #7040, checking for goals...
2025-07-11 19:54:39,300 - Automoy - AsyncOpsThread - DEBUG - Polling loop iteration #7060, checking for goals...
2025-07-11 19:54:49,489 - Automoy - AsyncOpsThread - DEBUG - Polling loop iteration #7080, checking for goals...
2025-07-11 19:54:59,642 - Automoy - AsyncOpsThread - DEBUG - Polling loop iteration #7100, checking for goals...
2025-07-11 19:55:09,844 - Automoy - AsyncOpsThread - DEBUG - Polling loop iteration #7120, checking for goals...
2025-07-11 19:55:19,999 - Automoy - AsyncOpsThread - DEBUG - Polling loop iteration #7140, checking for goals...
2025-07-11 19:55:30,156 - Automoy - AsyncOpsThread - DEBUG - Polling loop iteration #7160, checking for goals...
2025-07-11 19:55:40,273 - Automoy - AsyncOpsThread - DEBUG - Polling loop iteration #7180, checking for goals...
2025-07-11 19:55:50,458 - Automoy - AsyncOpsThread - DEBUG - Polling loop iteration #7200, checking for goals...
2025-07-11 19:56:00,616 - Automoy - AsyncOpsThread - DEBUG - Polling loop iteration #7220, checking for goals...
2025-07-11 19:56:10,780 - Automoy - AsyncOpsThread - DEBUG - Polling loop iteration #7240, checking for goals...
2025-07-11 19:56:21,006 - Automoy - AsyncOpsThread - DEBUG - Polling loop iteration #7260, checking for goals...
2025-07-11 19:56:31,202 - Automoy - AsyncOpsThread - DEBUG - Polling loop iteration #7280, checking for goals...
2025-07-11 19:56:41,334 - Automoy - AsyncOpsThread - DEBUG - Polling loop iteration #7300, checking for goals...
2025-07-11 19:56:51,548 - Automoy - AsyncOpsThread - DEBUG - Polling loop iteration #7320, checking for goals...
2025-07-11 19:57:01,617 - Automoy - AsyncOpsThread - DEBUG - Polling loop iteration #7340, checking for goals...
2025-07-11 19:57:11,802 - Automoy - AsyncOpsThread - DEBUG - Polling loop iteration #7360, checking for goals...
2025-07-11 19:57:21,948 - Automoy - AsyncOpsThread - DEBUG - Polling loop iteration #7380, checking for goals...
2025-07-11 19:57:32,115 - Automoy - AsyncOpsThread - DEBUG - Polling loop iteration #7400, checking for goals...
2025-07-11 19:57:42,302 - Automoy - AsyncOpsThread - DEBUG - Polling loop iteration #7420, checking for goals...
2025-07-11 19:57:52,466 - Automoy - AsyncOpsThread - DEBUG - Polling loop iteration #7440, checking for goals...
2025-07-11 19:58:02,653 - Automoy - AsyncOpsThread - DEBUG - Polling loop iteration #7460, checking for goals...
2025-07-11 19:58:12,822 - Automoy - AsyncOpsThread - DEBUG - Polling loop iteration #7480, checking for goals...
2025-07-11 19:58:22,988 - Automoy - AsyncOpsThread - DEBUG - Polling loop iteration #7500, checking for goals...
2025-07-11 19:58:33,181 - Automoy - AsyncOpsThread - DEBUG - Polling loop iteration #7520, checking for goals...
2025-07-11 19:58:43,369 - Automoy - AsyncOpsThread - DEBUG - Polling loop iteration #7540, checking for goals...
2025-07-11 19:58:53,501 - Automoy - AsyncOpsThread - DEBUG - Polling loop iteration #7560, checking for goals...
2025-07-11 19:59:03,614 - Automoy - AsyncOpsThread - DEBUG - Polling loop iteration #7580, checking for goals...
2025-07-11 19:59:13,858 - Automoy - AsyncOpsThread - DEBUG - Polling loop iteration #7600, checking for goals...
2025-07-11 19:59:24,009 - Automoy - AsyncOpsThread - DEBUG - Polling loop iteration #7620, checking for goals...
2025-07-11 19:59:34,203 - Automoy - AsyncOpsThread - DEBUG - Polling loop iteration #7640, checking for goals...
2025-07-11 19:59:44,364 - Automoy - AsyncOpsThread - DEBUG - Polling loop iteration #7660, checking for goals...
2025-07-11 19:59:54,527 - Automoy - AsyncOpsThread - DEBUG - Polling loop iteration #7680, checking for goals...
2025-07-11 20:00:04,705 - Automoy - AsyncOpsThread - DEBUG - Polling loop iteration #7700, checking for goals...
2025-07-11 20:00:14,872 - Automoy - AsyncOpsThread - DEBUG - Polling loop iteration #7720, checking for goals...
2025-07-11 20:00:25,072 - Automoy - AsyncOpsThread - DEBUG - Polling loop iteration #7740, checking for goals...
2025-07-11 20:00:35,180 - Automoy - AsyncOpsThread - DEBUG - Polling loop iteration #7760, checking for goals...
2025-07-11 20:00:45,374 - Automoy - AsyncOpsThread - DEBUG - Polling loop iteration #7780, checking for goals...
2025-07-11 20:00:55,567 - Automoy - AsyncOpsThread - DEBUG - Polling loop iteration #7800, checking for goals...
2025-07-11 20:01:05,771 - Automoy - AsyncOpsThread - DEBUG - Polling loop iteration #7820, checking for goals...
2025-07-11 20:01:15,965 - Automoy - AsyncOpsThread - DEBUG - Polling loop iteration #7840, checking for goals...
2025-07-11 20:01:26,124 - Automoy - AsyncOpsThread - DEBUG - Polling loop iteration #7860, checking for goals...
2025-07-11 20:01:36,341 - Automoy - AsyncOpsThread - DEBUG - Polling loop iteration #7880, checking for goals...
2025-07-11 20:01:46,534 - Automoy - AsyncOpsThread - DEBUG - Polling loop iteration #7900, checking for goals...
2025-07-11 20:01:56,727 - Automoy - AsyncOpsThread - DEBUG - Polling loop iteration #7920, checking for goals...
2025-07-11 20:02:06,819 - Automoy - AsyncOpsThread - DEBUG - Polling loop iteration #7940, checking for goals...
2025-07-11 20:02:17,028 - Automoy - AsyncOpsThread - DEBUG - Polling loop iteration #7960, checking for goals...
2025-07-11 20:02:27,132 - Automoy - AsyncOpsThread - DEBUG - Polling loop iteration #7980, checking for goals...
2025-07-11 20:02:37,334 - Automoy - AsyncOpsThread - DEBUG - Polling loop iteration #8000, checking for goals...
2025-07-11 20:02:47,493 - Automoy - AsyncOpsThread - DEBUG - Polling loop iteration #8020, checking for goals...
2025-07-11 20:02:57,676 - Automoy - AsyncOpsThread - DEBUG - Polling loop iteration #8040, checking for goals...
2025-07-11 20:03:07,845 - Automoy - AsyncOpsThread - DEBUG - Polling loop iteration #8060, checking for goals...
2025-07-11 20:03:17,993 - Automoy - AsyncOpsThread - DEBUG - Polling loop iteration #8080, checking for goals...
2025-07-11 20:03:28,146 - Automoy - AsyncOpsThread - DEBUG - Polling loop iteration #8100, checking for goals...
2025-07-11 20:03:38,328 - Automoy - AsyncOpsThread - DEBUG - Polling loop iteration #8120, checking for goals...
2025-07-11 20:03:48,493 - Automoy - AsyncOpsThread - DEBUG - Polling loop iteration #8140, checking for goals...
2025-07-11 20:03:58,699 - Automoy - AsyncOpsThread - DEBUG - Polling loop iteration #8160, checking for goals...
2025-07-11 20:04:08,835 - Automoy - AsyncOpsThread - DEBUG - Polling loop iteration #8180, checking for goals...
2025-07-11 20:04:19,029 - Automoy - AsyncOpsThread - DEBUG - Polling loop iteration #8200, checking for goals...
2025-07-11 20:04:29,123 - Automoy - AsyncOpsThread - DEBUG - Polling loop iteration #8220, checking for goals...
2025-07-11 20:04:39,286 - Automoy - AsyncOpsThread - DEBUG - Polling loop iteration #8240, checking for goals...
2025-07-11 20:04:49,463 - Automoy - AsyncOpsThread - DEBUG - Polling loop iteration #8260, checking for goals...
2025-07-11 20:04:59,662 - Automoy - AsyncOpsThread - DEBUG - Polling loop iteration #8280, checking for goals...
2025-07-11 20:05:09,915 - Automoy - AsyncOpsThread - DEBUG - Polling loop iteration #8300, checking for goals...
2025-07-11 20:05:20,119 - Automoy - AsyncOpsThread - DEBUG - Polling loop iteration #8320, checking for goals...
2025-07-11 20:05:30,307 - Automoy - AsyncOpsThread - DEBUG - Polling loop iteration #8340, checking for goals...
2025-07-11 20:05:40,484 - Automoy - AsyncOpsThread - DEBUG - Polling loop iteration #8360, checking for goals...
2025-07-11 20:05:50,683 - Automoy - AsyncOpsThread - DEBUG - Polling loop iteration #8380, checking for goals...
2025-07-11 20:06:00,870 - Automoy - AsyncOpsThread - DEBUG - Polling loop iteration #8400, checking for goals...
2025-07-11 20:06:11,023 - Automoy - AsyncOpsThread - DEBUG - Polling loop iteration #8420, checking for goals...
2025-07-11 20:06:21,125 - Automoy - AsyncOpsThread - DEBUG - Polling loop iteration #8440, checking for goals...
2025-07-11 20:06:31,328 - Automoy - AsyncOpsThread - DEBUG - Polling loop iteration #8460, checking for goals...
2025-07-11 20:06:41,483 - Automoy - AsyncOpsThread - DEBUG - Polling loop iteration #8480, checking for goals...
2025-07-11 20:06:51,696 - Automoy - AsyncOpsThread - DEBUG - Polling loop iteration #8500, checking for goals...
2025-07-11 20:07:01,860 - Automoy - AsyncOpsThread - DEBUG - Polling loop iteration #8520, checking for goals...
2025-07-11 20:07:12,009 - Automoy - AsyncOpsThread - DEBUG - Polling loop iteration #8540, checking for goals...
2025-07-11 20:07:22,188 - Automoy - AsyncOpsThread - DEBUG - Polling loop iteration #8560, checking for goals...
2025-07-11 20:07:32,382 - Automoy - AsyncOpsThread - DEBUG - Polling loop iteration #8580, checking for goals...
2025-07-11 20:07:42,609 - Automoy - AsyncOpsThread - DEBUG - Polling loop iteration #8600, checking for goals...
2025-07-11 20:07:52,763 - Automoy - AsyncOpsThread - DEBUG - Polling loop iteration #8620, checking for goals...
2025-07-11 20:08:02,960 - Automoy - AsyncOpsThread - DEBUG - Polling loop iteration #8640, checking for goals...
2025-07-11 20:08:13,161 - Automoy - AsyncOpsThread - DEBUG - Polling loop iteration #8660, checking for goals...
2025-07-11 20:08:23,336 - Automoy - AsyncOpsThread - DEBUG - Polling loop iteration #8680, checking for goals...
2025-07-11 20:08:33,505 - Automoy - AsyncOpsThread - DEBUG - Polling loop iteration #8700, checking for goals...
2025-07-11 20:08:43,754 - Automoy - AsyncOpsThread - DEBUG - Polling loop iteration #8720, checking for goals...
2025-07-11 20:08:53,895 - Automoy - AsyncOpsThread - DEBUG - Polling loop iteration #8740, checking for goals...
2025-07-11 20:09:04,009 - Automoy - AsyncOpsThread - DEBUG - Polling loop iteration #8760, checking for goals...
2025-07-11 20:09:14,111 - Automoy - AsyncOpsThread - DEBUG - Polling loop iteration #8780, checking for goals...
2025-07-11 20:09:24,270 - Automoy - AsyncOpsThread - DEBUG - Polling loop iteration #8800, checking for goals...
2025-07-11 20:09:34,418 - Automoy - AsyncOpsThread - DEBUG - Polling loop iteration #8820, checking for goals...
2025-07-11 20:09:44,543 - Automoy - AsyncOpsThread - DEBUG - Polling loop iteration #8840, checking for goals...
2025-07-11 20:09:54,754 - Automoy - AsyncOpsThread - DEBUG - Polling loop iteration #8860, checking for goals...
2025-07-11 20:10:04,866 - Automoy - AsyncOpsThread - DEBUG - Polling loop iteration #8880, checking for goals...
2025-07-11 20:10:15,027 - Automoy - AsyncOpsThread - DEBUG - Polling loop iteration #8900, checking for goals...
2025-07-11 20:10:25,188 - Automoy - AsyncOpsThread - DEBUG - Polling loop iteration #8920, checking for goals...
2025-07-11 20:10:35,307 - Automoy - AsyncOpsThread - DEBUG - Polling loop iteration #8940, checking for goals...
2025-07-11 20:10:45,523 - Automoy - AsyncOpsThread - DEBUG - Polling loop iteration #8960, checking for goals...
2025-07-11 20:10:55,695 - Automoy - AsyncOpsThread - DEBUG - Polling loop iteration #8980, checking for goals...
2025-07-11 20:11:05,855 - Automoy - AsyncOpsThread - DEBUG - Polling loop iteration #9000, checking for goals...
2025-07-11 20:11:15,947 - Automoy - AsyncOpsThread - DEBUG - Polling loop iteration #9020, checking for goals...
2025-07-11 20:11:26,104 - Automoy - AsyncOpsThread - DEBUG - Polling loop iteration #9040, checking for goals...
2025-07-11 20:11:36,233 - Automoy - AsyncOpsThread - DEBUG - Polling loop iteration #9060, checking for goals...
2025-07-11 20:11:46,379 - Automoy - AsyncOpsThread - DEBUG - Polling loop iteration #9080, checking for goals...
2025-07-11 20:11:56,544 - Automoy - AsyncOpsThread - DEBUG - Polling loop iteration #9100, checking for goals...
2025-07-11 20:12:06,694 - Automoy - AsyncOpsThread - DEBUG - Polling loop iteration #9120, checking for goals...
2025-07-11 20:12:16,805 - Automoy - AsyncOpsThread - DEBUG - Polling loop iteration #9140, checking for goals...
2025-07-11 20:12:26,925 - Automoy - AsyncOpsThread - DEBUG - Polling loop iteration #9160, checking for goals...
2025-07-11 20:12:37,087 - Automoy - AsyncOpsThread - DEBUG - Polling loop iteration #9180, checking for goals...
2025-07-11 20:12:47,244 - Automoy - AsyncOpsThread - DEBUG - Polling loop iteration #9200, checking for goals...
2025-07-11 20:12:57,409 - Automoy - AsyncOpsThread - DEBUG - Polling loop iteration #9220, checking for goals...
2025-07-11 20:13:07,640 - Automoy - AsyncOpsThread - DEBUG - Polling loop iteration #9240, checking for goals...
2025-07-11 20:13:17,848 - Automoy - AsyncOpsThread - DEBUG - Polling loop iteration #9260, checking for goals...
2025-07-11 20:13:28,083 - Automoy - AsyncOpsThread - DEBUG - Polling loop iteration #9280, checking for goals...
2025-07-11 20:13:38,323 - Automoy - AsyncOpsThread - DEBUG - Polling loop iteration #9300, checking for goals...
2025-07-11 20:13:48,551 - Automoy - AsyncOpsThread - DEBUG - Polling loop iteration #9320, checking for goals...
2025-07-11 20:13:58,678 - Automoy - AsyncOpsThread - DEBUG - Polling loop iteration #9340, checking for goals...
2025-07-11 20:14:08,851 - Automoy - AsyncOpsThread - DEBUG - Polling loop iteration #9360, checking for goals...
2025-07-11 23:10:43,310 - Automoy - AsyncOpsThread - DEBUG - Polling loop iteration #9380, checking for goals...
2025-07-11 23:10:53,451 - Automoy - AsyncOpsThread - DEBUG - Polling loop iteration #9400, checking for goals...
2025-07-11 23:11:03,531 - Automoy - AsyncOpsThread - DEBUG - Polling loop iteration #9420, checking for goals...
2025-07-11 23:11:13,742 - Automoy - AsyncOpsThread - DEBUG - Polling loop iteration #9440, checking for goals...
2025-07-11 23:11:23,950 - Automoy - AsyncOpsThread - DEBUG - Polling loop iteration #9460, checking for goals...
2025-07-11 23:11:34,131 - Automoy - AsyncOpsThread - DEBUG - Polling loop iteration #9480, checking for goals...
2025-07-11 23:11:44,147 - Automoy - AsyncOpsThread - DEBUG - Polling loop iteration #9500, checking for goals...
2025-07-11 23:11:54,281 - Automoy - AsyncOpsThread - DEBUG - Polling loop iteration #9520, checking for goals...
2025-07-11 23:12:04,273 - Automoy - AsyncOpsThread - DEBUG - Polling loop iteration #9540, checking for goals...
2025-07-11 23:12:14,326 - Automoy - AsyncOpsThread - DEBUG - Polling loop iteration #9560, checking for goals...
2025-07-11 23:12:24,514 - Automoy - AsyncOpsThread - DEBUG - Polling loop iteration #9580, checking for goals...
2025-07-11 23:12:34,605 - Automoy - AsyncOpsThread - DEBUG - Polling loop iteration #9600, checking for goals...
2025-07-11 23:12:44,736 - Automoy - AsyncOpsThread - DEBUG - Polling loop iteration #9620, checking for goals...
2025-07-11 23:12:54,785 - Automoy - AsyncOpsThread - DEBUG - Polling loop iteration #9640, checking for goals...
2025-07-11 23:13:05,004 - Automoy - AsyncOpsThread - DEBUG - Polling loop iteration #9660, checking for goals...
2025-07-11 23:13:15,209 - Automoy - AsyncOpsThread - DEBUG - Polling loop iteration #9680, checking for goals...
2025-07-11 23:13:25,343 - Automoy - AsyncOpsThread - DEBUG - Polling loop iteration #9700, checking for goals...
2025-07-11 23:13:35,507 - Automoy - AsyncOpsThread - DEBUG - Polling loop iteration #9720, checking for goals...
2025-07-11 23:13:45,656 - Automoy - AsyncOpsThread - DEBUG - Polling loop iteration #9740, checking for goals...
2025-07-11 23:13:55,759 - Automoy - AsyncOpsThread - DEBUG - Polling loop iteration #9760, checking for goals...
2025-07-11 23:14:05,909 - Automoy - AsyncOpsThread - DEBUG - Polling loop iteration #9780, checking for goals...
2025-07-11 23:14:16,016 - Automoy - AsyncOpsThread - DEBUG - Polling loop iteration #9800, checking for goals...
2025-07-11 23:14:26,132 - Automoy - AsyncOpsThread - DEBUG - Polling loop iteration #9820, checking for goals...
2025-07-11 23:14:36,328 - Automoy - AsyncOpsThread - DEBUG - Polling loop iteration #9840, checking for goals...
2025-07-11 23:14:46,386 - Automoy - AsyncOpsThread - DEBUG - Polling loop iteration #9860, checking for goals...
2025-07-11 23:14:56,543 - Automoy - AsyncOpsThread - DEBUG - Polling loop iteration #9880, checking for goals...
2025-07-11 23:15:06,728 - Automoy - AsyncOpsThread - DEBUG - Polling loop iteration #9900, checking for goals...
2025-07-11 23:15:16,901 - Automoy - AsyncOpsThread - DEBUG - Polling loop iteration #9920, checking for goals...
2025-07-11 23:15:27,129 - Automoy - AsyncOpsThread - DEBUG - Polling loop iteration #9940, checking for goals...
2025-07-11 23:15:37,316 - Automoy - AsyncOpsThread - DEBUG - Polling loop iteration #9960, checking for goals...
2025-07-11 23:15:47,380 - Automoy - AsyncOpsThread - DEBUG - Polling loop iteration #9980, checking for goals...
2025-07-11 23:15:57,527 - Automoy - AsyncOpsThread - DEBUG - Polling loop iteration #10000, checking for goals...
2025-07-11 23:16:07,727 - Automoy - AsyncOpsThread - DEBUG - Polling loop iteration #10020, checking for goals...
2025-07-11 23:16:17,930 - Automoy - AsyncOpsThread - DEBUG - Polling loop iteration #10040, checking for goals...
2025-07-11 23:16:28,085 - Automoy - AsyncOpsThread - DEBUG - Polling loop iteration #10060, checking for goals...
2025-07-11 23:16:38,290 - Automoy - AsyncOpsThread - DEBUG - Polling loop iteration #10080, checking for goals...
2025-07-11 23:16:48,504 - Automoy - AsyncOpsThread - DEBUG - Polling loop iteration #10100, checking for goals...
2025-07-11 23:16:58,624 - Automoy - AsyncOpsThread - DEBUG - Polling loop iteration #10120, checking for goals...
2025-07-11 23:17:08,783 - Automoy - AsyncOpsThread - DEBUG - Polling loop iteration #10140, checking for goals...
2025-07-11 23:17:18,968 - Automoy - AsyncOpsThread - DEBUG - Polling loop iteration #10160, checking for goals...
2025-07-11 23:17:29,146 - Automoy - AsyncOpsThread - DEBUG - Polling loop iteration #10180, checking for goals...
2025-07-11 23:17:39,423 - Automoy - AsyncOpsThread - DEBUG - Polling loop iteration #10200, checking for goals...
2025-07-11 23:17:49,505 - Automoy - AsyncOpsThread - DEBUG - Polling loop iteration #10220, checking for goals...
2025-07-11 23:17:59,687 - Automoy - AsyncOpsThread - DEBUG - Polling loop iteration #10240, checking for goals...
2025-07-11 23:18:09,937 - Automoy - AsyncOpsThread - DEBUG - Polling loop iteration #10260, checking for goals...
2025-07-11 23:18:20,125 - Automoy - AsyncOpsThread - DEBUG - Polling loop iteration #10280, checking for goals...
2025-07-11 23:18:30,257 - Automoy - AsyncOpsThread - DEBUG - Polling loop iteration #10300, checking for goals...
2025-07-11 23:18:40,448 - Automoy - AsyncOpsThread - DEBUG - Polling loop iteration #10320, checking for goals...
2025-07-11 23:18:50,596 - Automoy - AsyncOpsThread - DEBUG - Polling loop iteration #10340, checking for goals...
2025-07-11 23:19:00,785 - Automoy - AsyncOpsThread - DEBUG - Polling loop iteration #10360, checking for goals...
2025-07-11 23:19:11,062 - Automoy - AsyncOpsThread - DEBUG - Polling loop iteration #10380, checking for goals...
2025-07-11 23:19:21,284 - Automoy - AsyncOpsThread - DEBUG - Polling loop iteration #10400, checking for goals...
2025-07-11 23:19:31,486 - Automoy - AsyncOpsThread - DEBUG - Polling loop iteration #10420, checking for goals...
2025-07-11 23:19:41,683 - Automoy - AsyncOpsThread - DEBUG - Polling loop iteration #10440, checking for goals...
2025-07-11 23:19:51,872 - Automoy - AsyncOpsThread - DEBUG - Polling loop iteration #10460, checking for goals...
2025-07-11 23:20:02,001 - Automoy - AsyncOpsThread - DEBUG - Polling loop iteration #10480, checking for goals...
2025-07-11 23:20:12,239 - Automoy - AsyncOpsThread - DEBUG - Polling loop iteration #10500, checking for goals...
2025-07-11 23:20:22,488 - Automoy - AsyncOpsThread - DEBUG - Polling loop iteration #10520, checking for goals...
2025-07-11 23:20:32,734 - Automoy - AsyncOpsThread - DEBUG - Polling loop iteration #10540, checking for goals...
2025-07-11 23:20:42,888 - Automoy - AsyncOpsThread - DEBUG - Polling loop iteration #10560, checking for goals...
2025-07-11 23:20:53,071 - Automoy - AsyncOpsThread - DEBUG - Polling loop iteration #10580, checking for goals...
2025-07-11 23:21:03,204 - Automoy - AsyncOpsThread - DEBUG - Polling loop iteration #10600, checking for goals...
2025-07-11 23:21:13,394 - Automoy - AsyncOpsThread - DEBUG - Polling loop iteration #10620, checking for goals...
2025-07-11 23:21:23,525 - Automoy - AsyncOpsThread - DEBUG - Polling loop iteration #10640, checking for goals...
2025-07-11 23:21:33,685 - Automoy - AsyncOpsThread - DEBUG - Polling loop iteration #10660, checking for goals...
2025-07-11 23:39:27,245 - Automoy - AsyncOpsThread - DEBUG - Polling loop iteration #10680, checking for goals...
2025-07-11 23:39:37,409 - Automoy - AsyncOpsThread - DEBUG - Polling loop iteration #10700, checking for goals...
